#
# A fatal error has been detected by the Java Runtime Environment:
#
#  SIGSEGV (0xb) at pc=0x000000011a3a161d, pid=725, tid=5891
#
# JRE version: Java(TM) SE Runtime Environment (12.0.1+12) (build 12.0.1+12)
# Java VM: Java HotSpot(TM) 64-Bit Server VM (12.0.1+12, mixed mode, sharing, tiered, compressed oops, g1 gc, bsd-amd64)
# Problematic frame:
# J 3869 c2 org.nd4j.linalg.api.buffer.BaseDataBuffer.getDouble(J)D (350 bytes) @ 0x000000011a3a161d [0x000000011a3a1540+0x00000000000000dd]
#
# No core dump will be written. Core dumps have been disabled. To enable core dumping, try "ulimit -c unlimited" before starting Java again
#
# If you would like to submit a bug report, please visit:
#   http://bugreport.java.com/bugreport/crash.jsp
#

---------------  S U M M A R Y ------------

Command Line: -Xdebug -Xnoagent -Djava.compiler=NONE -Xrunjdwp:transport=dt_socket,address=localhost:54341,server=n,suspend=y -ea -Dfile.encoding=UTF-8 org.eclipse.jdt.internal.junit.runner.RemoteTestRunner -version 3 -port 54336 -testLoaderClass org.eclipse.jdt.internal.junit4.runner.JUnit4TestLoader -loaderpluginname org.eclipse.jdt.junit4.runtime -test majong.ml.NeuralNetworkGeneratorTest:testForExecAnimal

Host: MacBookPro15,2 x86_64 2300 MHz, 8 cores, 16G, Darwin 19.3.0
Time: Thu Mar 19 23:32:32 2020 JST elapsed time: 43 seconds (0d 0h 0m 43s)

---------------  T H R E A D  ---------------

Current thread (0x00007ff298807000):  JavaThread "main" [_thread_in_Java, id=5891, stack(0x00007000000e0000,0x00007000001e0000)]

Stack: [0x00007000000e0000,0x00007000001e0000],  sp=0x00007000001ddb90,  free space=1014k
Native frames: (J=compiled Java code, A=aot compiled Java code, j=interpreted, Vv=VM code, C=native code)
J 3869 c2 org.nd4j.linalg.api.buffer.BaseDataBuffer.getDouble(J)D (350 bytes) @ 0x000000011a3a161d [0x000000011a3a1540+0x00000000000000dd]
J 4972 c1 org.nd4j.linalg.api.ndarray.BaseNDArray.getDouble(J)D (139 bytes) @ 0x0000000112cc0314 [0x0000000112cbebc0+0x0000000000001754]
J 5037 c1 org.nd4j.linalg.string.NDArrayStrings.vectorToString(Lorg/nd4j/linalg/api/ndarray/INDArray;Z)Ljava/lang/String; (610 bytes) @ 0x000000011321cb64 [0x000000011321c340+0x0000000000000824]
j  org.nd4j.linalg.string.NDArrayStrings.format(Lorg/nd4j/linalg/api/ndarray/INDArray;IZ)Ljava/lang/String;+456
j  org.nd4j.linalg.string.NDArrayStrings.format(Lorg/nd4j/linalg/api/ndarray/INDArray;IZ)Ljava/lang/String;+771
j  org.nd4j.linalg.string.NDArrayStrings.format(Lorg/nd4j/linalg/api/ndarray/INDArray;Z)Ljava/lang/String;+165
j  org.nd4j.linalg.string.NDArrayStrings.format(Lorg/nd4j/linalg/api/ndarray/INDArray;)Ljava/lang/String;+3
j  org.nd4j.linalg.api.ndarray.BaseNDArray.toString(Lorg/nd4j/linalg/string/NDArrayStrings;)Ljava/lang/String;+96
j  org.nd4j.linalg.api.ndarray.BaseNDArray.toString()Ljava/lang/String;+8
v  ~StubRoutines::call_stub
V  [libjvm.dylib+0x393675]  _ZN9JavaCalls11call_helperEP9JavaValueRK12methodHandleP17JavaCallArgumentsP6Thread+0x285
V  [libjvm.dylib+0x3ca11a]  _ZL20jni_invoke_nonstaticP7JNIEnv_P9JavaValueP8_jobject11JNICallTypeP10_jmethodIDP18JNI_ArgumentPusherP6Thread+0x27b
V  [libjvm.dylib+0x3cdcfe]  jni_CallObjectMethodA+0x143
C  [libjdwp.dylib+0x17b11]  invoker_doInvoke+0x2de
C  [libjdwp.dylib+0x14cfe]  reportEvents+0x247
C  [libjdwp.dylib+0x14875]  event_callback+0x32a
C  [libjdwp.dylib+0x11f82]  cbBreakpoint+0xc7
V  [libjvm.dylib+0x4aabbc]  _ZN11JvmtiExport19post_raw_breakpointEP10JavaThreadP6MethodPh+0x26a
V  [libjvm.dylib+0x38e4f5]  _ZN18InterpreterRuntime11_breakpointEP10JavaThreadP6MethodPh+0x21
j  majong.ml.AnimalsClassification.run()V+805
j  majong.ml.NeuralNetworkGeneratorTest.testForExecAnimal()V+9
v  ~StubRoutines::call_stub
V  [libjvm.dylib+0x393675]  _ZN9JavaCalls11call_helperEP9JavaValueRK12methodHandleP17JavaCallArgumentsP6Thread+0x285
V  [libjvm.dylib+0x6392a9]  _ZL6invokeP13InstanceKlassRK12methodHandle6Handleb14objArrayHandle9BasicTypeS5_bP6Thread+0x4e6
V  [libjvm.dylib+0x638d79]  _ZN10Reflection13invoke_methodEP7oopDesc6Handle14objArrayHandleP6Thread+0xf5
V  [libjvm.dylib+0x414911]  JVM_InvokeMethod+0x217
j  jdk.internal.reflect.NativeMethodAccessorImpl.invoke0(Ljava/lang/reflect/Method;Ljava/lang/Object;[Ljava/lang/Object;)Ljava/lang/Object;+0 java.base@12.0.1
j  jdk.internal.reflect.NativeMethodAccessorImpl.invoke(Ljava/lang/Object;[Ljava/lang/Object;)Ljava/lang/Object;+100 java.base@12.0.1
j  jdk.internal.reflect.DelegatingMethodAccessorImpl.invoke(Ljava/lang/Object;[Ljava/lang/Object;)Ljava/lang/Object;+6 java.base@12.0.1
j  java.lang.reflect.Method.invoke(Ljava/lang/Object;[Ljava/lang/Object;)Ljava/lang/Object;+59 java.base@12.0.1
j  org.junit.runners.model.FrameworkMethod$1.runReflectiveCall()Ljava/lang/Object;+15
j  org.junit.internal.runners.model.ReflectiveCallable.run()Ljava/lang/Object;+1
j  org.junit.runners.model.FrameworkMethod.invokeExplosively(Ljava/lang/Object;[Ljava/lang/Object;)Ljava/lang/Object;+10
j  org.junit.internal.runners.statements.InvokeMethod.evaluate()V+12
j  org.junit.runners.ParentRunner.runLeaf(Lorg/junit/runners/model/Statement;Lorg/junit/runner/Description;Lorg/junit/runner/notification/RunNotifier;)V+17
j  org.junit.runners.BlockJUnit4ClassRunner.runChild(Lorg/junit/runners/model/FrameworkMethod;Lorg/junit/runner/notification/RunNotifier;)V+30
j  org.junit.runners.BlockJUnit4ClassRunner.runChild(Ljava/lang/Object;Lorg/junit/runner/notification/RunNotifier;)V+6
j  org.junit.runners.ParentRunner$3.run()V+12
j  org.junit.runners.ParentRunner$1.schedule(Ljava/lang/Runnable;)V+1
j  org.junit.runners.ParentRunner.runChildren(Lorg/junit/runner/notification/RunNotifier;)V+44
j  org.junit.runners.ParentRunner.access$000(Lorg/junit/runners/ParentRunner;Lorg/junit/runner/notification/RunNotifier;)V+2
j  org.junit.runners.ParentRunner$2.evaluate()V+8
j  org.junit.runners.ParentRunner.run(Lorg/junit/runner/notification/RunNotifier;)V+20
j  org.eclipse.jdt.internal.junit4.runner.JUnit4TestReference.run(Lorg/eclipse/jdt/internal/junit/runner/TestExecution;)V+72
j  org.eclipse.jdt.internal.junit.runner.TestExecution.run([Lorg/eclipse/jdt/internal/junit/runner/ITestReference;)V+17
j  org.eclipse.jdt.internal.junit.runner.RemoteTestRunner.runTests([Ljava/lang/String;Ljava/lang/String;Lorg/eclipse/jdt/internal/junit/runner/TestExecution;)V+62
j  org.eclipse.jdt.internal.junit.runner.RemoteTestRunner.runTests(Lorg/eclipse/jdt/internal/junit/runner/TestExecution;)V+10
j  org.eclipse.jdt.internal.junit.runner.RemoteTestRunner.run()V+70
j  org.eclipse.jdt.internal.junit.runner.RemoteTestRunner.main([Ljava/lang/String;)V+14
v  ~StubRoutines::call_stub
V  [libjvm.dylib+0x393675]  _ZN9JavaCalls11call_helperEP9JavaValueRK12methodHandleP17JavaCallArgumentsP6Thread+0x285
V  [libjvm.dylib+0x3d2aed]  _ZL17jni_invoke_staticP7JNIEnv_P9JavaValueP8_jobject11JNICallTypeP10_jmethodIDP18JNI_ArgumentPusherP6Thread+0x11c
V  [libjvm.dylib+0x3d6218]  jni_CallStaticVoidMethod+0x1c9
C  [libjli.dylib+0x4898]  JavaMain+0xab4
C  [libsystem_pthread.dylib+0x5e65]  _pthread_start+0x94
C  [libsystem_pthread.dylib+0x183b]  thread_start+0xf


siginfo: si_signo: 11 (SIGSEGV), si_code: 1 (SEGV_MAPERR), si_addr: 0x000000014f8db580

Register to memory mapping:

RAX=0x00000008012ad720 is a pointer to class: 
org.nd4j.linalg.api.buffer.BaseDataBuffer {0x00000008012ad720}
RBX=0x000000014f8db580 is an unknown value
RCX=3775440588 is a compressed pointer to object: org.bytedeco.javacpp.indexer.FloatRawIndexer 
{0x0000000708453660} - klass: 'org/bytedeco/javacpp/indexer/FloatRawIndexer'
RDX=0x0 is NULL
RSP=0x00007000001ddb90 is pointing into the stack for thread: 0x00007ff298807000
RBP=0x0000000000000002 is an unknown value
RSI=0x0000000708453568 is an oop: org.nd4j.linalg.api.buffer.FloatBuffer 
{0x0000000708453568} - klass: 'org/nd4j/linalg/api/buffer/FloatBuffer'
RDI=0x0000000708453660 is an oop: org.bytedeco.javacpp.indexer.FloatRawIndexer 
{0x0000000708453660} - klass: 'org/bytedeco/javacpp/indexer/FloatRawIndexer'
R8 =0x0000000000000001 is an unknown value
R9 =0x0 is NULL
R10=0x000000014f8db580 is an unknown value
R11=0x000000014f8db580 is an unknown value
R12=0x0 is NULL
R13=0x00000008012a88a0 is a pointer to class: 
org.nd4j.linalg.api.ndarray.BaseNDArray {0x00000008012a88a0}
R14=0x00000008012aa1a0 is a pointer to class: 
org.nd4j.linalg.cpu.nativecpu.NDArray {0x00000008012aa1a0}
R15=0x00007ff298807000 is a thread


Registers:
RAX=0x00000008012ad720, RBX=0x000000014f8db580, RCX=0x00000000e108a6cc, RDX=0x0000000000000000
RSP=0x00007000001ddb90, RBP=0x0000000000000002, RSI=0x0000000708453568, RDI=0x0000000708453660
R8 =0x0000000000000001, R9 =0x0000000000000000, R10=0x000000014f8db580, R11=0x000000014f8db580
R12=0x0000000000000000, R13=0x00000008012a88a0, R14=0x00000008012aa1a0, R15=0x00007ff298807000
RIP=0x000000011a3a161d, EFLAGS=0x0000000000010202, ERR=0x0000000000000004
  TRAPNO=0x000000000000000e

Top of Stack: (sp=0x00007000001ddb90)
0x00007000001ddb90:   0000000701991a50 0000000707fe3298
0x00007000001ddba0:   0000000000000001 000000011a38bd50
0x00007000001ddbb0:   0000000700000006 0000000707fe3440
0x00007000001ddbc0:   0000000707fe3618 0000000100000001
0x00007000001ddbd0:   0000000707fe32f0 0000000707fe3398
0x00007000001ddbe0:   00007000001de158 0000000112cc0314
0x00007000001ddbf0:   0000000000000001 0000000707fd5c68
0x00007000001ddc00:   0000000707fe32c8 000000011a4b77bc
0x00007000001ddc10:   0000000100000000 000000011deb4000
0x00007000001ddc20:   0000000708453568 00000000000004b0
0x00007000001ddc30:   0000000707fe3600 0000000707fe3618
0x00007000001ddc40:   0000000000000001 0000000707fe32c8
0x00007000001ddc50:   0000000701991978 0000000707fe2f08
0x00007000001ddc60:   0000000708453568 0000000000000000
0x00007000001ddc70:   00000006e0309cf6 0000000707fe3470
0x00007000001ddc80:   0000000000000001 0000000707fdf2c0
0x00007000001ddc90:   0000000707fe35c0 0000000707fe32c8
0x00007000001ddca0:   0000000000000000 0000000707fe35c0
0x00007000001ddcb0:   0000000707fe35c0 000000011a1a1601
0x00007000001ddcc0:   0000000701a4bba8 000000011a366964
0x00007000001ddcd0:   00007000001ddf60 00000001133d9a64
0x00007000001ddce0:   0000700000000066 0000000100000001
0x00007000001ddcf0:   0000000707fe29e0 00007ff297d06cd0
0x00007000001ddd00:   0000000707fe3680 0000000108303cb0
0x00007000001ddd10:   00000001085bc700 0000000707fe2da8
0x00007000001ddd20:   00007000001de158 000000011321cb64
0x00007000001ddd30:   0000000100000000 0000000707fe2dc0
0x00007000001ddd40:   0000000800275d88 0000700000000002
0x00007000001ddd50:   00007ff298807000 000000020000002d
0x00007000001ddd60:   000070000000002d 000000011339bebc
0x00007000001ddd70:   00007ff298807000 0000000800275d88
0x00007000001ddd80:   00007000001de090 00007000001de0b0 

Instructions: (pc=0x000000011a3a161d)
0x000000011a3a15fd:   4c 8b 57 20 48 85 db 0f 8c 34 01 00 00 49 3b da
0x000000011a3a160d:   0f 8d 57 01 00 00 48 c1 e3 02 49 03 db 4c 8b d3
0x000000011a3a161d:   c4 c1 7a 5a 02 eb 36 41 81 fb 7e 65 25 00 0f 85
0x000000011a3a162d:   a1 01 00 00 4c 8b 57 18 4c 8b 5f 20 48 85 db 0f 

Stack slot to memory mapping:
stack at sp + 0 slots: 0x0000000701991a50 is an oop: org.nd4j.linalg.cpu.nativecpu.ops.NativeOpExecutioner 
{0x0000000701991a50} - klass: 'org/nd4j/linalg/cpu/nativecpu/ops/NativeOpExecutioner'
stack at sp + 1 slots: 0x0000000707fe3298 points into unknown readable memory: 01 00 00 00 00 00 00 00
stack at sp + 2 slots: 0x0000000000000001 is an unknown value
stack at sp + 3 slots: 0x000000011a38bd50 is at entry_point+400 in (nmethod*)0x000000011a38ba10
stack at sp + 4 slots: 0x0000000700000006 points into unknown readable memory: 00 00
stack at sp + 5 slots: 0x0000000707fe3440 is an oop: org.nd4j.nativeblas.OpaqueConstantDataBuffer 
{0x0000000707fe3440} - klass: 'org/nd4j/nativeblas/OpaqueConstantDataBuffer'
stack at sp + 6 slots: 0x0000000707fe3618 is an oop: org.nd4j.linalg.api.ndarray.JvmShapeInfo 
{0x0000000707fe3618} - klass: 'org/nd4j/linalg/api/ndarray/JvmShapeInfo'
stack at sp + 7 slots: 0x0000000100000001 is an unknown value



---------------  P R O C E S S  ---------------

Threads class SMR info:
_java_thread_list=0x00007ff297e83a10, length=24, elements={
0x00007ff298807000, 0x00007ff29b000000, 0x00007ff298004800, 0x00007ff29800e800,
0x00007ff29800f800, 0x00007ff29800c000, 0x00007ff2988dc000, 0x00007ff29b808000,
0x00007ff29b80b000, 0x00007ff29a0db000, 0x00007ff2988cd000, 0x00007ff298050800,
0x00007ff29b853000, 0x00007ff29a231000, 0x00007ff29a4f6000, 0x00007ff298bcf000,
0x00007ff298bcb000, 0x00007ff299001000, 0x00007ff2981e5800, 0x00007ff29f23a800,
0x00007ff29d93b800, 0x00007ff29d93d800, 0x00007ff29e935000, 0x00007ff2987f7000
}

Java Threads: ( => current thread )
=>0x00007ff298807000 JavaThread "main" [_thread_in_Java, id=5891, stack(0x00007000000e0000,0x00007000001e0000)]
  0x00007ff29b000000 JavaThread "Reference Handler" daemon [_thread_blocked, id=13315, stack(0x00007000007f5000,0x00007000008f5000)]
  0x00007ff298004800 JavaThread "Finalizer" daemon [_thread_blocked, id=17411, stack(0x00007000008f8000,0x00007000009f8000)]
  0x00007ff29800e800 JavaThread "Signal Dispatcher" daemon [_thread_blocked, id=14851, stack(0x0000700000b01000,0x0000700000c01000)]
  0x00007ff29800f800 JavaThread "C2 CompilerThread0" daemon [_thread_in_native, id=21763, stack(0x0000700000c04000,0x0000700000d04000)]
  0x00007ff29800c000 JavaThread "C1 CompilerThread0" daemon [_thread_blocked, id=42755, stack(0x0000700000d07000,0x0000700000e07000)]
  0x00007ff2988dc000 JavaThread "Sweeper thread" daemon [_thread_blocked, id=42243, stack(0x0000700000e0a000,0x0000700000f0a000)]
  0x00007ff29b808000 JavaThread "JDWP Transport Listener: dt_socket" daemon [_thread_blocked, id=41987, stack(0x0000700000f0d000,0x000070000100d000)]
  0x00007ff29b80b000 JavaThread "JDWP Event Helper Thread" daemon [_thread_blocked, id=41731, stack(0x0000700001010000,0x0000700001110000)]
  0x00007ff29a0db000 JavaThread "JDWP Command Reader" daemon [_thread_in_native, id=41219, stack(0x0000700001113000,0x0000700001213000)]
  0x00007ff2988cd000 JavaThread "Service Thread" daemon [_thread_blocked, id=40451, stack(0x0000700001216000,0x0000700001316000)]
  0x00007ff298050800 JavaThread "Common-Cleaner" daemon [_thread_blocked, id=39939, stack(0x000070000141c000,0x000070000151c000)]
  0x00007ff29b853000 JavaThread "ReaderThread" [_thread_in_native, id=25347, stack(0x0000700001622000,0x0000700001722000)]
  0x00007ff29a231000 JavaThread "JavaCPP Deallocator" daemon [_thread_blocked, id=37123, stack(0x0000700001dbd000,0x0000700001ebd000)]
  0x00007ff29a4f6000 JavaThread "vertx-blocked-thread-checker" daemon [_thread_blocked, id=27651, stack(0x000070000235b000,0x000070000245b000)]
  0x00007ff298bcf000 JavaThread "vert.x-eventloop-thread-0" [_thread_in_native, id=34819, stack(0x000070000245e000,0x000070000255e000)]
  0x00007ff298bcb000 JavaThread "Thread-2" daemon [_thread_blocked, id=28419, stack(0x0000700002664000,0x0000700002764000)]
  0x00007ff299001000 JavaThread "vert.x-eventloop-thread-1" [_thread_in_native, id=28931, stack(0x0000700002767000,0x0000700002867000)]
  0x00007ff2981e5800 JavaThread "vert.x-acceptor-thread-0" [_thread_in_native, id=29443, stack(0x000070000286a000,0x000070000296a000)]
  0x00007ff29f23a800 JavaThread "DeallocatorServiceThread_0" daemon [_thread_blocked, id=30475, stack(0x0000700002a70000,0x0000700002b70000)]
  0x00007ff29d93b800 JavaThread "DeallocatorServiceThread_1" daemon [_thread_blocked, id=32259, stack(0x0000700002d79000,0x0000700002e79000)]
  0x00007ff29d93d800 JavaThread "process reaper" daemon [_thread_blocked, id=29967, stack(0x00007000015a2000,0x00007000015c6000)]
  0x00007ff29e935000 JavaThread "C2 CompilerThread1" daemon [_thread_in_native, id=87179, stack(0x000070000296d000,0x0000700002a6d000)]
  0x00007ff2987f7000 JavaThread "C2 CompilerThread2" daemon [_thread_in_native, id=43807, stack(0x0000700002e7c000,0x0000700002f7c000)]

Other Threads:
  0x00007ff29a043000 VMThread "VM Thread" [stack: 0x00007000006f2000,0x00007000007f2000] [id=18691]
  0x00007ff29b80c000 WatcherThread [stack: 0x0000700001319000,0x0000700001419000] [id=23811]
  0x00007ff29a028000 GCTaskThread "GC Thread#0" [stack: 0x00007000001e3000,0x00007000002e3000] [id=20995]
  0x00007ff298109000 GCTaskThread "GC Thread#1" [stack: 0x0000700001725000,0x0000700001825000] [id=25603]
  0x00007ff29800a000 GCTaskThread "GC Thread#2" [stack: 0x0000700001828000,0x0000700001928000] [id=25859]
  0x00007ff29a0e0000 GCTaskThread "GC Thread#3" [stack: 0x000070000192b000,0x0000700001a2b000] [id=26115]
  0x00007ff29a3a4800 GCTaskThread "GC Thread#4" [stack: 0x0000700001a2e000,0x0000700001b2e000] [id=26371]
  0x00007ff29a3a5000 GCTaskThread "GC Thread#5" [stack: 0x0000700001b31000,0x0000700001c31000] [id=26883]
  0x00007ff298bcc000 GCTaskThread "GC Thread#6" [stack: 0x0000700002b73000,0x0000700002c73000] [id=31235]
  0x00007ff298b07000 GCTaskThread "GC Thread#7" [stack: 0x0000700002c76000,0x0000700002d76000] [id=33027]
  0x00007ff29a041800 ConcurrentGCThread "G1 Main Marker" [stack: 0x00007000002e6000,0x00007000003e6000] [id=20483]
  0x00007ff298808000 ConcurrentGCThread "G1 Conc#0" [stack: 0x00007000003e9000,0x00007000004e9000] [id=11779]
  0x00007ff2988fb800 ConcurrentGCThread "G1 Conc#1" [stack: 0x0000700002561000,0x0000700002661000] [id=28163]
  0x00007ff2988b0000 ConcurrentGCThread "G1 Refine#0" [stack: 0x00007000004ec000,0x00007000005ec000] [id=12035]
  0x00007ff29a042000 ConcurrentGCThread "G1 Young RemSet Sampling" [stack: 0x00007000005ef000,0x00007000006ef000] [id=12291]

Threads with active compile tasks:
C2 CompilerThread0  5028       4       java.text.DigitList::set (346 bytes)
C2 CompilerThread1  4995       4       jdk.internal.math.FloatingDecimal$BinaryToASCIIBuffer::dtoa (1509 bytes)
C2 CompilerThread2  5018       4       jdk.internal.math.FDBigInteger::multBy10 (178 bytes)

VM state:not at safepoint (normal execution)

VM Mutex/Monitor currently owned by a thread: None

Heap address: 0x0000000700000000, size: 4096 MB, Compressed Oops mode: Zero based, Oop shift amount: 3
Narrow klass base: 0x0000000800000000, Narrow klass shift: 3
Compressed class space size: 1073741824 Address: 0x00000008010fa000

Heap:
 garbage-first heap   total 147456K, used 52917K [0x0000000700000000, 0x0000000800000000)
  region size 1024K, 21 young (21504K), 6 survivors (6144K)
 Metaspace       used 39461K, capacity 39942K, committed 40656K, reserved 1085440K
  class space    used 3958K, capacity 4122K, committed 4224K, reserved 1048576K
Heap Regions: E=young(eden), S=young(survivor), O=old, HS=humongous(starts), HC=humongous(continues), CS=collection set, F=free, A=archive, TAMS=top-at-mark-start (previous, next)
|   0|0x0000000700000000, 0x0000000700100000, 0x0000000700100000|100%|HS|  |TAMS 0x0000000700100000, 0x0000000700000000| Complete 
|   1|0x0000000700100000, 0x0000000700200000, 0x0000000700200000|100%|HC|  |TAMS 0x0000000700200000, 0x0000000700100000| Complete 
|   2|0x0000000700200000, 0x0000000700300000, 0x0000000700300000|100%|HS|  |TAMS 0x0000000700300000, 0x0000000700200000| Complete 
|   3|0x0000000700300000, 0x0000000700400000, 0x0000000700400000|100%| O|  |TAMS 0x0000000700400000, 0x0000000700300000| Untracked 
|   4|0x0000000700400000, 0x0000000700500000, 0x0000000700500000|100%| O|  |TAMS 0x0000000700500000, 0x0000000700400000| Untracked 
|   5|0x0000000700500000, 0x0000000700600000, 0x0000000700600000|100%| O|  |TAMS 0x0000000700600000, 0x0000000700500000| Untracked 
|   6|0x0000000700600000, 0x0000000700700000, 0x0000000700700000|100%| O|  |TAMS 0x0000000700700000, 0x0000000700600000| Untracked 
|   7|0x0000000700700000, 0x0000000700800000, 0x0000000700800000|100%| O|  |TAMS 0x0000000700800000, 0x0000000700700000| Untracked 
|   8|0x0000000700800000, 0x0000000700900000, 0x0000000700900000|100%| O|  |TAMS 0x0000000700900000, 0x0000000700800000| Untracked 
|   9|0x0000000700900000, 0x000000070091e600, 0x0000000700a00000| 11%| O|  |TAMS 0x000000070091e600, 0x0000000700900000| Untracked 
|  10|0x0000000700a00000, 0x0000000700b00000, 0x0000000700b00000|100%|HS|  |TAMS 0x0000000700b00000, 0x0000000700a00000| Complete 
|  11|0x0000000700b00000, 0x0000000700c00000, 0x0000000700c00000|100%|HC|  |TAMS 0x0000000700c00000, 0x0000000700b00000| Complete 
|  12|0x0000000700c00000, 0x0000000700d00000, 0x0000000700d00000|100%|HC|  |TAMS 0x0000000700d00000, 0x0000000700c00000| Complete 
|  13|0x0000000700d00000, 0x0000000700e00000, 0x0000000700e00000|100%|HC|  |TAMS 0x0000000700e00000, 0x0000000700d00000| Complete 
|  14|0x0000000700e00000, 0x0000000700f00000, 0x0000000700f00000|100%|HC|  |TAMS 0x0000000700f00000, 0x0000000700e00000| Complete 
|  15|0x0000000700f00000, 0x0000000701000000, 0x0000000701000000|100%|HC|  |TAMS 0x0000000701000000, 0x0000000700f00000| Complete 
|  16|0x0000000701000000, 0x0000000701100000, 0x0000000701100000|100%|HC|  |TAMS 0x0000000701100000, 0x0000000701000000| Complete 
|  17|0x0000000701100000, 0x0000000701200000, 0x0000000701200000|100%|HC|  |TAMS 0x0000000701200000, 0x0000000701100000| Complete 
|  18|0x0000000701200000, 0x0000000701300000, 0x0000000701300000|100%|HC|  |TAMS 0x0000000701300000, 0x0000000701200000| Complete 
|  19|0x0000000701300000, 0x0000000701400000, 0x0000000701400000|100%|HS|  |TAMS 0x0000000701400000, 0x0000000701300000| Complete 
|  20|0x0000000701400000, 0x0000000701500000, 0x0000000701500000|100%|HC|  |TAMS 0x0000000701500000, 0x0000000701400000| Complete 
|  21|0x0000000701500000, 0x0000000701600000, 0x0000000701600000|100%| O|  |TAMS 0x0000000701600000, 0x0000000701500000| Untracked 
|  22|0x0000000701600000, 0x0000000701700000, 0x0000000701700000|100%| O|  |TAMS 0x0000000701700000, 0x0000000701600000| Untracked 
|  23|0x0000000701700000, 0x0000000701800000, 0x0000000701800000|100%| O|  |TAMS 0x0000000701800000, 0x0000000701700000| Untracked 
|  24|0x0000000701800000, 0x0000000701900000, 0x0000000701900000|100%| O|  |TAMS 0x0000000701900000, 0x0000000701800000| Untracked 
|  25|0x0000000701900000, 0x0000000701a00000, 0x0000000701a00000|100%| O|  |TAMS 0x0000000701a00000, 0x0000000701900000| Untracked 
|  26|0x0000000701a00000, 0x0000000701b00000, 0x0000000701b00000|100%| O|  |TAMS 0x0000000701b00000, 0x0000000701a00000| Untracked 
|  27|0x0000000701b00000, 0x0000000701c00000, 0x0000000701c00000|100%| O|  |TAMS 0x0000000701c00000, 0x0000000701b00000| Untracked 
|  28|0x0000000701c00000, 0x0000000701d00000, 0x0000000701d00000|100%| O|  |TAMS 0x0000000701d00000, 0x0000000701c00000| Untracked 
|  29|0x0000000701d00000, 0x0000000701e00000, 0x0000000701e00000|100%| O|  |TAMS 0x0000000701e00000, 0x0000000701d00000| Untracked 
|  30|0x0000000701e00000, 0x0000000701f00000, 0x0000000701f00000|100%| O|  |TAMS 0x0000000701f00000, 0x0000000701e00000| Untracked 
|  31|0x0000000701f00000, 0x0000000701fd1000, 0x0000000702000000| 81%| O|  |TAMS 0x0000000701fd1000, 0x0000000701f00000| Untracked 
|  32|0x0000000702000000, 0x0000000702008000, 0x0000000702100000|  3%| O|  |TAMS 0x0000000702000000, 0x0000000702000000| Untracked 
|  33|0x0000000702100000, 0x0000000702100000, 0x0000000702200000|  0%| F|  |TAMS 0x0000000702100000, 0x0000000702100000| Untracked 
|  34|0x0000000702200000, 0x0000000702200000, 0x0000000702300000|  0%| F|  |TAMS 0x0000000702200000, 0x0000000702200000| Untracked 
|  35|0x0000000702300000, 0x0000000702300000, 0x0000000702400000|  0%| F|  |TAMS 0x0000000702300000, 0x0000000702300000| Untracked 
|  36|0x0000000702400000, 0x0000000702400000, 0x0000000702500000|  0%| F|  |TAMS 0x0000000702400000, 0x0000000702400000| Untracked 
|  37|0x0000000702500000, 0x0000000702500000, 0x0000000702600000|  0%| F|  |TAMS 0x0000000702500000, 0x0000000702500000| Untracked 
|  38|0x0000000702600000, 0x0000000702600000, 0x0000000702700000|  0%| F|  |TAMS 0x0000000702600000, 0x0000000702600000| Untracked 
|  39|0x0000000702700000, 0x0000000702700000, 0x0000000702800000|  0%| F|  |TAMS 0x0000000702700000, 0x0000000702700000| Untracked 
|  40|0x0000000702800000, 0x0000000702800000, 0x0000000702900000|  0%| F|  |TAMS 0x0000000702800000, 0x0000000702800000| Untracked 
|  41|0x0000000702900000, 0x0000000702900000, 0x0000000702a00000|  0%| F|  |TAMS 0x0000000702900000, 0x0000000702900000| Untracked 
|  42|0x0000000702a00000, 0x0000000702a00000, 0x0000000702b00000|  0%| F|  |TAMS 0x0000000702a00000, 0x0000000702a00000| Untracked 
|  43|0x0000000702b00000, 0x0000000702b00000, 0x0000000702c00000|  0%| F|  |TAMS 0x0000000702b00000, 0x0000000702b00000| Untracked 
|  44|0x0000000702c00000, 0x0000000702c00000, 0x0000000702d00000|  0%| F|  |TAMS 0x0000000702c00000, 0x0000000702c00000| Untracked 
|  45|0x0000000702d00000, 0x0000000702d00000, 0x0000000702e00000|  0%| F|  |TAMS 0x0000000702d00000, 0x0000000702d00000| Untracked 
|  46|0x0000000702e00000, 0x0000000702e00000, 0x0000000702f00000|  0%| F|  |TAMS 0x0000000702e00000, 0x0000000702e00000| Untracked 
|  47|0x0000000702f00000, 0x0000000702f00000, 0x0000000703000000|  0%| F|  |TAMS 0x0000000702f00000, 0x0000000702f00000| Untracked 
|  48|0x0000000703000000, 0x0000000703000000, 0x0000000703100000|  0%| F|  |TAMS 0x0000000703000000, 0x0000000703000000| Untracked 
|  49|0x0000000703100000, 0x0000000703100000, 0x0000000703200000|  0%| F|  |TAMS 0x0000000703100000, 0x0000000703100000| Untracked 
|  50|0x0000000703200000, 0x0000000703200000, 0x0000000703300000|  0%| F|  |TAMS 0x0000000703200000, 0x0000000703200000| Untracked 
|  51|0x0000000703300000, 0x0000000703300000, 0x0000000703400000|  0%| F|  |TAMS 0x0000000703300000, 0x0000000703300000| Untracked 
|  52|0x0000000703400000, 0x0000000703400000, 0x0000000703500000|  0%| F|  |TAMS 0x0000000703400000, 0x0000000703400000| Untracked 
|  53|0x0000000703500000, 0x0000000703500000, 0x0000000703600000|  0%| F|  |TAMS 0x0000000703500000, 0x0000000703500000| Untracked 
|  54|0x0000000703600000, 0x0000000703700000, 0x0000000703700000|100%| S|CS|TAMS 0x0000000703600000, 0x0000000703600000| Complete 
|  55|0x0000000703700000, 0x0000000703700000, 0x0000000703800000|  0%| F|  |TAMS 0x0000000703700000, 0x0000000703700000| Untracked 
|  56|0x0000000703800000, 0x0000000703800000, 0x0000000703900000|  0%| F|  |TAMS 0x0000000703800000, 0x0000000703800000| Untracked 
|  57|0x0000000703900000, 0x0000000703a00000, 0x0000000703a00000|100%| S|CS|TAMS 0x0000000703900000, 0x0000000703900000| Complete 
|  58|0x0000000703a00000, 0x0000000703b00000, 0x0000000703b00000|100%| S|CS|TAMS 0x0000000703a00000, 0x0000000703a00000| Complete 
|  59|0x0000000703b00000, 0x0000000703c00000, 0x0000000703c00000|100%| S|CS|TAMS 0x0000000703b00000, 0x0000000703b00000| Complete 
|  60|0x0000000703c00000, 0x0000000703d00000, 0x0000000703d00000|100%| S|CS|TAMS 0x0000000703c00000, 0x0000000703c00000| Complete 
|  61|0x0000000703d00000, 0x0000000703e00000, 0x0000000703e00000|100%| S|CS|TAMS 0x0000000703d00000, 0x0000000703d00000| Complete 
|  62|0x0000000703e00000, 0x0000000703e00000, 0x0000000703f00000|  0%| F|  |TAMS 0x0000000703e00000, 0x0000000703e00000| Untracked 
|  63|0x0000000703f00000, 0x0000000703f00000, 0x0000000704000000|  0%| F|  |TAMS 0x0000000703f00000, 0x0000000703f00000| Untracked 
|  64|0x0000000704000000, 0x0000000704000000, 0x0000000704100000|  0%| F|  |TAMS 0x0000000704000000, 0x0000000704000000| Untracked 
|  65|0x0000000704100000, 0x0000000704100000, 0x0000000704200000|  0%| F|  |TAMS 0x0000000704100000, 0x0000000704100000| Untracked 
|  66|0x0000000704200000, 0x0000000704200000, 0x0000000704300000|  0%| F|  |TAMS 0x0000000704200000, 0x0000000704200000| Untracked 
|  67|0x0000000704300000, 0x0000000704300000, 0x0000000704400000|  0%| F|  |TAMS 0x0000000704300000, 0x0000000704300000| Untracked 
|  68|0x0000000704400000, 0x0000000704400000, 0x0000000704500000|  0%| F|  |TAMS 0x0000000704400000, 0x0000000704400000| Untracked 
|  69|0x0000000704500000, 0x0000000704500000, 0x0000000704600000|  0%| F|  |TAMS 0x0000000704500000, 0x0000000704500000| Untracked 
|  70|0x0000000704600000, 0x0000000704600000, 0x0000000704700000|  0%| F|  |TAMS 0x0000000704600000, 0x0000000704600000| Untracked 
|  71|0x0000000704700000, 0x0000000704700000, 0x0000000704800000|  0%| F|  |TAMS 0x0000000704700000, 0x0000000704700000| Untracked 
|  72|0x0000000704800000, 0x0000000704800000, 0x0000000704900000|  0%| F|  |TAMS 0x0000000704800000, 0x0000000704800000| Untracked 
|  73|0x0000000704900000, 0x0000000704900000, 0x0000000704a00000|  0%| F|  |TAMS 0x0000000704900000, 0x0000000704900000| Untracked 
|  74|0x0000000704a00000, 0x0000000704a00000, 0x0000000704b00000|  0%| F|  |TAMS 0x0000000704a00000, 0x0000000704a00000| Untracked 
|  75|0x0000000704b00000, 0x0000000704b00000, 0x0000000704c00000|  0%| F|  |TAMS 0x0000000704b00000, 0x0000000704b00000| Untracked 
|  76|0x0000000704c00000, 0x0000000704c00000, 0x0000000704d00000|  0%| F|  |TAMS 0x0000000704c00000, 0x0000000704c00000| Untracked 
|  77|0x0000000704d00000, 0x0000000704d00000, 0x0000000704e00000|  0%| F|  |TAMS 0x0000000704d00000, 0x0000000704d00000| Untracked 
|  78|0x0000000704e00000, 0x0000000704e00000, 0x0000000704f00000|  0%| F|  |TAMS 0x0000000704e00000, 0x0000000704e00000| Untracked 
|  79|0x0000000704f00000, 0x0000000704f00000, 0x0000000705000000|  0%| F|  |TAMS 0x0000000704f00000, 0x0000000704f00000| Untracked 
|  80|0x0000000705000000, 0x0000000705000000, 0x0000000705100000|  0%| F|  |TAMS 0x0000000705000000, 0x0000000705000000| Untracked 
|  81|0x0000000705100000, 0x0000000705100000, 0x0000000705200000|  0%| F|  |TAMS 0x0000000705100000, 0x0000000705100000| Untracked 
|  82|0x0000000705200000, 0x0000000705200000, 0x0000000705300000|  0%| F|  |TAMS 0x0000000705200000, 0x0000000705200000| Untracked 
|  83|0x0000000705300000, 0x0000000705300000, 0x0000000705400000|  0%| F|  |TAMS 0x0000000705300000, 0x0000000705300000| Untracked 
|  84|0x0000000705400000, 0x0000000705400000, 0x0000000705500000|  0%| F|  |TAMS 0x0000000705400000, 0x0000000705400000| Untracked 
|  85|0x0000000705500000, 0x0000000705500000, 0x0000000705600000|  0%| F|  |TAMS 0x0000000705500000, 0x0000000705500000| Untracked 
|  86|0x0000000705600000, 0x0000000705600000, 0x0000000705700000|  0%| F|  |TAMS 0x0000000705600000, 0x0000000705600000| Untracked 
|  87|0x0000000705700000, 0x0000000705700000, 0x0000000705800000|  0%| F|  |TAMS 0x0000000705700000, 0x0000000705700000| Untracked 
|  88|0x0000000705800000, 0x0000000705800000, 0x0000000705900000|  0%| F|  |TAMS 0x0000000705800000, 0x0000000705800000| Untracked 
|  89|0x0000000705900000, 0x0000000705900000, 0x0000000705a00000|  0%| F|  |TAMS 0x0000000705900000, 0x0000000705900000| Untracked 
|  90|0x0000000705a00000, 0x0000000705a00000, 0x0000000705b00000|  0%| F|  |TAMS 0x0000000705a00000, 0x0000000705a00000| Untracked 
|  91|0x0000000705b00000, 0x0000000705b00000, 0x0000000705c00000|  0%| F|  |TAMS 0x0000000705b00000, 0x0000000705b00000| Untracked 
|  92|0x0000000705c00000, 0x0000000705c00000, 0x0000000705d00000|  0%| F|  |TAMS 0x0000000705c00000, 0x0000000705c00000| Untracked 
|  93|0x0000000705d00000, 0x0000000705d00000, 0x0000000705e00000|  0%| F|  |TAMS 0x0000000705d00000, 0x0000000705d00000| Untracked 
|  94|0x0000000705e00000, 0x0000000705e00000, 0x0000000705f00000|  0%| F|  |TAMS 0x0000000705e00000, 0x0000000705e00000| Untracked 
|  95|0x0000000705f00000, 0x0000000705f00000, 0x0000000706000000|  0%| F|  |TAMS 0x0000000705f00000, 0x0000000705f00000| Untracked 
|  96|0x0000000706000000, 0x0000000706000000, 0x0000000706100000|  0%| F|  |TAMS 0x0000000706000000, 0x0000000706000000| Untracked 
|  97|0x0000000706100000, 0x0000000706100000, 0x0000000706200000|  0%| F|  |TAMS 0x0000000706100000, 0x0000000706100000| Untracked 
|  98|0x0000000706200000, 0x0000000706200000, 0x0000000706300000|  0%| F|  |TAMS 0x0000000706200000, 0x0000000706200000| Untracked 
|  99|0x0000000706300000, 0x0000000706300000, 0x0000000706400000|  0%| F|  |TAMS 0x0000000706300000, 0x0000000706300000| Untracked 
| 100|0x0000000706400000, 0x0000000706400000, 0x0000000706500000|  0%| F|  |TAMS 0x0000000706400000, 0x0000000706400000| Untracked 
| 101|0x0000000706500000, 0x0000000706500000, 0x0000000706600000|  0%| F|  |TAMS 0x0000000706500000, 0x0000000706500000| Untracked 
| 102|0x0000000706600000, 0x0000000706600000, 0x0000000706700000|  0%| F|  |TAMS 0x0000000706600000, 0x0000000706600000| Untracked 
| 103|0x0000000706700000, 0x0000000706700000, 0x0000000706800000|  0%| F|  |TAMS 0x0000000706700000, 0x0000000706700000| Untracked 
| 104|0x0000000706800000, 0x0000000706800000, 0x0000000706900000|  0%| F|  |TAMS 0x0000000706800000, 0x0000000706800000| Untracked 
| 105|0x0000000706900000, 0x0000000706900000, 0x0000000706a00000|  0%| F|  |TAMS 0x0000000706900000, 0x0000000706900000| Untracked 
| 106|0x0000000706a00000, 0x0000000706a00000, 0x0000000706b00000|  0%| F|  |TAMS 0x0000000706a00000, 0x0000000706a00000| Untracked 
| 107|0x0000000706b00000, 0x0000000706b00000, 0x0000000706c00000|  0%| F|  |TAMS 0x0000000706b00000, 0x0000000706b00000| Untracked 
| 108|0x0000000706c00000, 0x0000000706c00000, 0x0000000706d00000|  0%| F|  |TAMS 0x0000000706c00000, 0x0000000706c00000| Untracked 
| 109|0x0000000706d00000, 0x0000000706d00000, 0x0000000706e00000|  0%| F|  |TAMS 0x0000000706d00000, 0x0000000706d00000| Untracked 
| 110|0x0000000706e00000, 0x0000000706e00000, 0x0000000706f00000|  0%| F|  |TAMS 0x0000000706e00000, 0x0000000706e00000| Untracked 
| 111|0x0000000706f00000, 0x0000000706f00000, 0x0000000707000000|  0%| F|  |TAMS 0x0000000706f00000, 0x0000000706f00000| Untracked 
| 112|0x0000000707000000, 0x0000000707000000, 0x0000000707100000|  0%| F|  |TAMS 0x0000000707000000, 0x0000000707000000| Untracked 
| 113|0x0000000707100000, 0x0000000707100000, 0x0000000707200000|  0%| F|  |TAMS 0x0000000707100000, 0x0000000707100000| Untracked 
| 114|0x0000000707200000, 0x0000000707200000, 0x0000000707300000|  0%| F|  |TAMS 0x0000000707200000, 0x0000000707200000| Untracked 
| 115|0x0000000707300000, 0x0000000707300000, 0x0000000707400000|  0%| F|  |TAMS 0x0000000707300000, 0x0000000707300000| Untracked 
| 116|0x0000000707400000, 0x0000000707400000, 0x0000000707500000|  0%| F|  |TAMS 0x0000000707400000, 0x0000000707400000| Untracked 
| 117|0x0000000707500000, 0x0000000707500000, 0x0000000707600000|  0%| F|  |TAMS 0x0000000707500000, 0x0000000707500000| Untracked 
| 118|0x0000000707600000, 0x0000000707600000, 0x0000000707700000|  0%| F|  |TAMS 0x0000000707600000, 0x0000000707600000| Untracked 
| 119|0x0000000707700000, 0x0000000707700000, 0x0000000707800000|  0%| F|  |TAMS 0x0000000707700000, 0x0000000707700000| Untracked 
| 120|0x0000000707800000, 0x0000000707800000, 0x0000000707900000|  0%| F|  |TAMS 0x0000000707800000, 0x0000000707800000| Untracked 
| 121|0x0000000707900000, 0x0000000707900000, 0x0000000707a00000|  0%| F|  |TAMS 0x0000000707900000, 0x0000000707900000| Untracked 
| 122|0x0000000707a00000, 0x0000000707a00000, 0x0000000707b00000|  0%| F|  |TAMS 0x0000000707a00000, 0x0000000707a00000| Untracked 
| 123|0x0000000707b00000, 0x0000000707b00000, 0x0000000707c00000|  0%| F|  |TAMS 0x0000000707b00000, 0x0000000707b00000| Untracked 
| 124|0x0000000707c00000, 0x0000000707c00000, 0x0000000707d00000|  0%| F|  |TAMS 0x0000000707c00000, 0x0000000707c00000| Untracked 
| 125|0x0000000707d00000, 0x0000000707d00000, 0x0000000707e00000|  0%| F|  |TAMS 0x0000000707d00000, 0x0000000707d00000| Untracked 
| 126|0x0000000707e00000, 0x0000000707e00000, 0x0000000707f00000|  0%| F|  |TAMS 0x0000000707e00000, 0x0000000707e00000| Untracked 
| 127|0x0000000707f00000, 0x0000000708000000, 0x0000000708000000|100%| E|  |TAMS 0x0000000707f00000, 0x0000000707f00000| Complete 
| 128|0x0000000708000000, 0x0000000708100000, 0x0000000708100000|100%| E|CS|TAMS 0x0000000708000000, 0x0000000708000000| Complete 
| 129|0x0000000708100000, 0x0000000708200000, 0x0000000708200000|100%| E|CS|TAMS 0x0000000708100000, 0x0000000708100000| Complete 
| 130|0x0000000708200000, 0x0000000708300000, 0x0000000708300000|100%| E|CS|TAMS 0x0000000708200000, 0x0000000708200000| Complete 
| 131|0x0000000708300000, 0x0000000708400000, 0x0000000708400000|100%| E|CS|TAMS 0x0000000708300000, 0x0000000708300000| Complete 
| 132|0x0000000708400000, 0x0000000708500000, 0x0000000708500000|100%| E|CS|TAMS 0x0000000708400000, 0x0000000708400000| Complete 
| 133|0x0000000708500000, 0x0000000708600000, 0x0000000708600000|100%| E|CS|TAMS 0x0000000708500000, 0x0000000708500000| Complete 
| 134|0x0000000708600000, 0x0000000708700000, 0x0000000708700000|100%| E|CS|TAMS 0x0000000708600000, 0x0000000708600000| Complete 
| 135|0x0000000708700000, 0x0000000708800000, 0x0000000708800000|100%| E|CS|TAMS 0x0000000708700000, 0x0000000708700000| Complete 
| 136|0x0000000708800000, 0x0000000708900000, 0x0000000708900000|100%| E|CS|TAMS 0x0000000708800000, 0x0000000708800000| Complete 
| 137|0x0000000708900000, 0x0000000708a00000, 0x0000000708a00000|100%| E|CS|TAMS 0x0000000708900000, 0x0000000708900000| Complete 
| 138|0x0000000708a00000, 0x0000000708b00000, 0x0000000708b00000|100%| E|CS|TAMS 0x0000000708a00000, 0x0000000708a00000| Complete 
| 139|0x0000000708b00000, 0x0000000708c00000, 0x0000000708c00000|100%| E|CS|TAMS 0x0000000708b00000, 0x0000000708b00000| Complete 
| 140|0x0000000708c00000, 0x0000000708d00000, 0x0000000708d00000|100%| E|CS|TAMS 0x0000000708c00000, 0x0000000708c00000| Complete 
| 255|0x000000070ff00000, 0x0000000710000000, 0x0000000710000000|100%| E|CS|TAMS 0x000000070ff00000, 0x000000070ff00000| Complete 
|3070|0x00000007bfe00000, 0x00000007bfe46000, 0x00000007bff00000| 27%|OA|  |TAMS 0x00000007bfe46000, 0x00000007bfe00000| Untracked 
|3071|0x00000007bff00000, 0x00000007bff70000, 0x00000007c0000000| 43%|CA|  |TAMS 0x00000007bff70000, 0x00000007bff00000| Untracked 

Card table byte_map: [0x00000001216b4000,0x0000000121eb4000] _byte_map_base: 0x000000011deb4000

Marking Bits (Prev, Next): (CMBitMap*) 0x00007ff29a028c18, (CMBitMap*) 0x00007ff29a028c58
 Prev Bits: [0x00000001226b4000, 0x00000001266b4000)
 Next Bits: [0x00000001266b4000, 0x000000012a6b4000)

Polling page: 0x0000000106cb7000

Metaspace:

Usage:
  Non-class:     34.98 MB capacity,    34.67 MB (>99%) used,   256.05 KB ( <1%) free+waste,    61.06 KB ( <1%) overhead. 
      Class:      4.03 MB capacity,     3.87 MB ( 96%) used,   140.02 KB (  3%) free+waste,    23.69 KB ( <1%) overhead. 
       Both:     39.01 MB capacity,    38.54 MB ( 99%) used,   396.06 KB ( <1%) free+waste,    84.75 KB ( <1%) overhead. 

Virtual space:
  Non-class space:       36.00 MB reserved,      35.58 MB ( 99%) committed 
      Class space:        1.00 GB reserved,       4.12 MB ( <1%) committed 
             Both:        1.04 GB reserved,      39.70 MB (  4%) committed 

Chunk freelists:
   Non-Class:  48.00 KB
       Class:  3.75 KB
        Both:  51.75 KB

CodeHeap 'non-profiled nmethods': size=120032Kb used=3741Kb max_used=3741Kb free=116290Kb
 bounds [0x000000011a17c000, 0x000000011a53c000, 0x00000001216b4000]
CodeHeap 'profiled nmethods': size=120028Kb used=9109Kb max_used=11581Kb free=110918Kb
 bounds [0x0000000112c45000, 0x00000001137a5000, 0x000000011a17c000]
CodeHeap 'non-nmethods': size=5700Kb used=1798Kb max_used=1869Kb free=3901Kb
 bounds [0x00000001126b4000, 0x0000000112924000, 0x0000000112c45000]
 total_blobs=8017 nmethods=4105 adapters=1207
 compilation: enabled
              stopped_count=0, restarted_count=0
 full_count=0

Compilation events (10 events):
Event: 43.513 Thread 0x00007ff29800c000 nmethod 5036 0x0000000112d15590 code [0x0000000112d15780, 0x0000000112d15bc8]
Event: 43.513 Thread 0x00007ff29800c000 5037       3       org.nd4j.linalg.string.NDArrayStrings::vectorToString (610 bytes)
Event: 43.516 Thread 0x00007ff2987f7000 nmethod 5007 0x000000011a2ade10 code [0x000000011a2adfc0, 0x000000011a2ae518]
Event: 43.516 Thread 0x00007ff2987f7000 5011       4       jdk.internal.math.FDBigInteger::quoRemIteration (337 bytes)
Event: 43.522 Thread 0x00007ff29800c000 nmethod 5037 0x000000011321b510 code [0x000000011321c340, 0x0000000113225148]
Event: 43.522 Thread 0x00007ff29800c000 5039       3       org.nd4j.linalg.api.ndarray.BaseNDArray::slices (6 bytes)
Event: 43.522 Thread 0x00007ff29800c000 nmethod 5039 0x0000000112c8ee90 code [0x0000000112c8f040, 0x0000000112c8f288]
Event: 43.522 Thread 0x00007ff29800c000 5038       3       org.nd4j.base.Preconditions::checkState (31 bytes)
Event: 43.522 Thread 0x00007ff29800c000 nmethod 5038 0x0000000112d5eb90 code [0x0000000112d5edc0, 0x0000000112d5f838]
Event: 43.522 Thread 0x00007ff29800c000 5040       3       org.nd4j.linalg.string.NDArrayStrings::format (924 bytes)

GC Heap History (10 events):
Event: 20.821 GC heap before
{Heap before GC invocations=39 (full 0):
 garbage-first heap   total 147456K, used 117515K [0x0000000700000000, 0x0000000800000000)
  region size 1024K, 84 young (86016K), 4 survivors (4096K)
 Metaspace       used 38963K, capacity 39366K, committed 39888K, reserved 1085440K
  class space    used 3953K, capacity 4122K, committed 4224K, reserved 1048576K
}
Event: 20.824 GC heap after
{Heap after GC invocations=40 (full 0):
 garbage-first heap   total 147456K, used 34204K [0x0000000700000000, 0x0000000800000000)
  region size 1024K, 2 young (2048K), 2 survivors (2048K)
 Metaspace       used 38963K, capacity 39366K, committed 39888K, reserved 1085440K
  class space    used 3953K, capacity 4122K, committed 4224K, reserved 1048576K
}
Event: 20.917 GC heap before
{Heap before GC invocations=40 (full 0):
 garbage-first heap   total 147456K, used 119196K [0x0000000700000000, 0x0000000800000000)
  region size 1024K, 85 young (87040K), 2 survivors (2048K)
 Metaspace       used 38963K, capacity 39366K, committed 39888K, reserved 1085440K
  class space    used 3953K, capacity 4122K, committed 4224K, reserved 1048576K
}
Event: 20.920 GC heap after
{Heap after GC invocations=41 (full 0):
 garbage-first heap   total 147456K, used 34041K [0x0000000700000000, 0x0000000800000000)
  region size 1024K, 2 young (2048K), 2 survivors (2048K)
 Metaspace       used 38963K, capacity 39366K, committed 39888K, reserved 1085440K
  class space    used 3953K, capacity 4122K, committed 4224K, reserved 1048576K
}
Event: 21.010 GC heap before
{Heap before GC invocations=41 (full 0):
 garbage-first heap   total 147456K, used 120057K [0x0000000700000000, 0x0000000800000000)
  region size 1024K, 86 young (88064K), 2 survivors (2048K)
 Metaspace       used 38963K, capacity 39366K, committed 39888K, reserved 1085440K
  class space    used 3953K, capacity 4122K, committed 4224K, reserved 1048576K
}
Event: 21.013 GC heap after
{Heap after GC invocations=42 (full 0):
 garbage-first heap   total 147456K, used 34019K [0x0000000700000000, 0x0000000800000000)
  region size 1024K, 2 young (2048K), 2 survivors (2048K)
 Metaspace       used 38963K, capacity 39366K, committed 39888K, reserved 1085440K
  class space    used 3953K, capacity 4122K, committed 4224K, reserved 1048576K
}
Event: 25.115 GC heap before
{Heap before GC invocations=42 (full 0):
 garbage-first heap   total 147456K, used 120035K [0x0000000700000000, 0x0000000800000000)
  region size 1024K, 86 young (88064K), 2 survivors (2048K)
 Metaspace       used 39183K, capacity 39622K, committed 40144K, reserved 1085440K
  class space    used 3953K, capacity 4122K, committed 4224K, reserved 1048576K
}
Event: 25.127 GC heap after
{Heap after GC invocations=43 (full 0):
 garbage-first heap   total 147456K, used 38025K [0x0000000700000000, 0x0000000800000000)
  region size 1024K, 6 young (6144K), 6 survivors (6144K)
 Metaspace       used 39183K, capacity 39622K, committed 40144K, reserved 1085440K
  class space    used 3953K, capacity 4122K, committed 4224K, reserved 1048576K
}
Event: 29.568 GC heap before
{Heap before GC invocations=43 (full 0):
 garbage-first heap   total 147456K, used 119945K [0x0000000700000000, 0x0000000800000000)
  region size 1024K, 86 young (88064K), 6 survivors (6144K)
 Metaspace       used 39277K, capacity 39686K, committed 40400K, reserved 1085440K
  class space    used 3953K, capacity 4122K, committed 4224K, reserved 1048576K
}
Event: 29.581 GC heap after
{Heap after GC invocations=44 (full 0):
 garbage-first heap   total 147456K, used 38581K [0x0000000700000000, 0x0000000800000000)
  region size 1024K, 6 young (6144K), 6 survivors (6144K)
 Metaspace       used 39277K, capacity 39686K, committed 40400K, reserved 1085440K
  class space    used 3953K, capacity 4122K, committed 4224K, reserved 1048576K
}

Deoptimization events (10 events):
Event: 30.239 Thread 0x00007ff298807000 Uncommon trap: reason=unstable_if action=reinterpret pc=0x000000011a417db0 method=org.nd4j.linalg.memory.abstracts.Nd4jWorkspace.close()V @ 324 c2
Event: 30.239 Thread 0x00007ff298807000 Uncommon trap: reason=unstable_if action=reinterpret pc=0x000000011a4dccec method=org.nd4j.linalg.memory.abstracts.Nd4jWorkspace.initializeWorkspace()V @ 89 c2
Event: 30.244 Thread 0x00007ff298807000 Uncommon trap: reason=unstable_if action=reinterpret pc=0x000000011a394834 method=org.nd4j.linalg.workspace.BaseWorkspaceMgr.validateConfig(Ljava/lang/Enum;)V @ 24 c2
Event: 30.244 Thread 0x00007ff298807000 Uncommon trap: reason=unstable_if action=reinterpret pc=0x000000011a3efdb8 method=org.nd4j.linalg.workspace.BaseWorkspaceMgr.enforceExistsAndActive(Ljava/lang/Enum;)V @ 29 c2
Event: 30.244 Thread 0x00007ff298807000 Uncommon trap: reason=unstable_if action=reinterpret pc=0x000000011a4c4cf4 method=org.nd4j.linalg.workspace.BaseWorkspaceMgr.notifyScopeBorrowed(Ljava/lang/Enum;)Lorg/nd4j/linalg/api/memory/MemoryWorkspace; @ 34 c2
Event: 30.245 Thread 0x00007ff298807000 Uncommon trap: reason=unstable_if action=reinterpret pc=0x000000011a486994 method=org.nd4j.linalg.workspace.BaseWorkspaceMgr.validateArrayLocation(Ljava/lang/Enum;Lorg/nd4j/linalg/api/ndarray/INDArray;ZZ)Lorg/nd4j/linalg/api/ndarray/INDArray; @ 43 c2
Event: 30.245 Thread 0x00007ff298807000 Uncommon trap: reason=unstable_if action=reinterpret pc=0x000000011a4bb2fc method=org.nd4j.linalg.api.ndarray.BaseNDArray.tensorAlongDimension(J[I)Lorg/nd4j/linalg/api/ndarray/INDArray; @ 48 c2
Event: 30.799 Thread 0x00007ff298807000 Uncommon trap: reason=unstable_if action=reinterpret pc=0x000000011a1a9a54 method=java.lang.Integer.stringSize(I)I @ 3 c2
Event: 30.832 Thread 0x00007ff298807000 Uncommon trap: reason=unstable_if action=reinterpret pc=0x000000011a3b34a0 method=java.util.Formatter$Conversion.isGeneral(C)Z @ 1 c2
Event: 30.832 Thread 0x00007ff298807000 Uncommon trap: reason=unstable_if action=reinterpret pc=0x000000011a3a2d3c method=org.nd4j.linalg.api.ndarray.BaseNDArray.getDouble(J)D @ 108 c2

Classes redefined (0 events):
No events

Internal exceptions (10 events):
Event: 9.046 Thread 0x00007ff298807000 Exception <a 'java/lang/NoSuchMethodError'{0x0000000707a96b00}: <clinit>> (0x0000000707a96b00) thrown at [/scratch/mesos/slaves/07fc96ef-bf4d-487f-b22f-a84e49f5f44a-S133408/frameworks/1735e8a2-a1db-478c-8104-60c8b0af87dd-0196/executors/dc45f84e-65aa-47ca-
Event: 9.049 Thread 0x00007ff298807000 Exception <a 'java/lang/NoSuchMethodError'{0x0000000707aabfe0}: <clinit>> (0x0000000707aabfe0) thrown at [/scratch/mesos/slaves/07fc96ef-bf4d-487f-b22f-a84e49f5f44a-S133408/frameworks/1735e8a2-a1db-478c-8104-60c8b0af87dd-0196/executors/dc45f84e-65aa-47ca-
Event: 9.133 Thread 0x00007ff298807000 Exception <a 'java/lang/NoSuchMethodError'{0x00000007076f1468}: java.lang.invoke.DirectMethodHandle$Holder.invokeStatic(Ljava/lang/Object;Ljava/lang/Object;Ljava/lang/Object;Ljava/lang/Object;Ljava/lang/Object;Ljava/lang/Object;Ljava/lang/Object;Ljava/lan
Event: 9.135 Thread 0x00007ff298807000 Exception <a 'java/lang/NoSuchMethodError'{0x00000007075111e0}: java.lang.invoke.DirectMethodHandle$Holder.invokeStatic(Ljava/lang/Object;Ljava/lang/Object;Ljava/lang/Object;Ljava/lang/Object;Ljava/lang/Object;Ljava/lang/Object;Ljava/lang/Object;Ljava/lan
Event: 11.216 Thread 0x00007ff298807000 Exception <a 'java/lang/NoSuchMethodError'{0x00000007072a2ff8}: java.lang.invoke.DirectMethodHandle$Holder.invokeStatic(Ljava/lang/Object;Ljava/lang/Object;JLjava/lang/Object;)Ljava/lang/Object;> (0x00000007072a2ff8) thrown at [/scratch/mesos/slaves/07fc9
Event: 11.216 Thread 0x00007ff298807000 Exception <a 'java/lang/NoSuchMethodError'{0x00000007072a5f80}: java.lang.invoke.DirectMethodHandle$Holder.invokeStaticInit(Ljava/lang/Object;Ljava/lang/Object;JLjava/lang/Object;)Ljava/lang/Object;> (0x00000007072a5f80) thrown at [/scratch/mesos/slaves/0
Event: 11.217 Thread 0x00007ff298807000 Exception <a 'java/lang/NoSuchMethodError'{0x00000007072ab948}: java.lang.invoke.Invokers$Holder.linkToTargetMethod(Ljava/lang/Object;JLjava/lang/Object;)Ljava/lang/Object;> (0x00000007072ab948) thrown at [/scratch/mesos/slaves/07fc96ef-bf4d-487f-b22f-a84
Event: 11.218 Thread 0x00007ff298807000 Exception <a 'java/lang/NoSuchMethodError'{0x00000007072b1d18}: java.lang.invoke.DirectMethodHandle$Holder.invokeStatic(Ljava/lang/Object;Ljava/lang/Object;Ljava/lang/Object;I)Ljava/lang/Object;> (0x00000007072b1d18) thrown at [/scratch/mesos/slaves/07fc9
Event: 11.218 Thread 0x00007ff298807000 Exception <a 'java/lang/NoSuchMethodError'{0x00000007072b5550}: java.lang.invoke.DirectMethodHandle$Holder.invokeSpecial(Ljava/lang/Object;Ljava/lang/Object;Ljava/lang/Object;Ljava/lang/Object;I)Ljava/lang/Object;> (0x00000007072b5550) thrown at [/scratch
Event: 11.218 Thread 0x00007ff298807000 Exception <a 'java/lang/NoSuchMethodError'{0x00000007072b8600}: java.lang.invoke.Invokers$Holder.linkToTargetMethod(Ljava/lang/Object;Ljava/lang/Object;ILjava/lang/Object;)Ljava/lang/Object;> (0x00000007072b8600) thrown at [/scratch/mesos/slaves/07fc96ef-

Events (10 events):
Event: 43.520 Executing VM operation: GetStackTrace
Event: 43.520 Executing VM operation: GetStackTrace done
Event: 43.523 Executing VM operation: GetFrameCount
Event: 43.523 Executing VM operation: GetFrameCount done
Event: 43.523 Executing VM operation: GetStackTrace
Event: 43.524 Executing VM operation: GetStackTrace done
Event: 43.524 Executing VM operation: GetFrameCount
Event: 43.524 Executing VM operation: GetFrameCount done
Event: 43.524 Executing VM operation: GetStackTrace
Event: 43.524 Executing VM operation: GetStackTrace done


Dynamic libraries:
0x00007fff63749000 	/usr/lib/libz.1.dylib
0x0000000106c28000 	/Library/Java/JavaVirtualMachines/jdk-12.0.1.jdk/Contents/Home/lib/libjli.dylib
0x00007fff2bd4e000 	/System/Library/Frameworks/Cocoa.framework/Versions/A/Cocoa
0x00007fff3931c000 	/System/Library/Frameworks/Security.framework/Versions/A/Security
0x00007fff2acd8000 	/System/Library/Frameworks/ApplicationServices.framework/Versions/A/ApplicationServices
0x00007fff61218000 	/usr/lib/libSystem.B.dylib
0x00007fff641bf000 	/usr/lib/system/libcache.dylib
0x00007fff641c5000 	/usr/lib/system/libcommonCrypto.dylib
0x00007fff641d1000 	/usr/lib/system/libcompiler_rt.dylib
0x00007fff641d9000 	/usr/lib/system/libcopyfile.dylib
0x00007fff641e3000 	/usr/lib/system/libcorecrypto.dylib
0x00007fff64391000 	/usr/lib/system/libdispatch.dylib
0x00007fff643d3000 	/usr/lib/system/libdyld.dylib
0x00007fff64409000 	/usr/lib/system/libkeymgr.dylib
0x00007fff64417000 	/usr/lib/system/liblaunch.dylib
0x00007fff64418000 	/usr/lib/system/libmacho.dylib
0x00007fff6441e000 	/usr/lib/system/libquarantine.dylib
0x00007fff64421000 	/usr/lib/system/libremovefile.dylib
0x00007fff64423000 	/usr/lib/system/libsystem_asl.dylib
0x00007fff6443b000 	/usr/lib/system/libsystem_blocks.dylib
0x00007fff6443c000 	/usr/lib/system/libsystem_c.dylib
0x00007fff644c4000 	/usr/lib/system/libsystem_configuration.dylib
0x00007fff644c8000 	/usr/lib/system/libsystem_coreservices.dylib
0x00007fff644cc000 	/usr/lib/system/libsystem_darwin.dylib
0x00007fff644d5000 	/usr/lib/system/libsystem_dnssd.dylib
0x00007fff644dd000 	/usr/lib/system/libsystem_featureflags.dylib
0x00007fff644df000 	/usr/lib/system/libsystem_info.dylib
0x00007fff6455a000 	/usr/lib/system/libsystem_m.dylib
0x00007fff645a2000 	/usr/lib/system/libsystem_malloc.dylib
0x00007fff645ca000 	/usr/lib/system/libsystem_networkextension.dylib
0x00007fff645d8000 	/usr/lib/system/libsystem_notify.dylib
0x00007fff645f7000 	/usr/lib/system/libsystem_sandbox.dylib
0x00007fff645fc000 	/usr/lib/system/libsystem_secinit.dylib
0x00007fff6452d000 	/usr/lib/system/libsystem_kernel.dylib
0x00007fff645e2000 	/usr/lib/system/libsystem_platform.dylib
0x00007fff645ec000 	/usr/lib/system/libsystem_pthread.dylib
0x00007fff645ff000 	/usr/lib/system/libsystem_symptoms.dylib
0x00007fff64607000 	/usr/lib/system/libsystem_trace.dylib
0x00007fff6461f000 	/usr/lib/system/libunwind.dylib
0x00007fff64625000 	/usr/lib/system/libxpc.dylib
0x00007fff6306d000 	/usr/lib/libobjc.A.dylib
0x00007fff61552000 	/usr/lib/libc++abi.dylib
0x00007fff614fe000 	/usr/lib/libc++.1.dylib
0x00007fff2ccc5000 	/System/Library/Frameworks/CoreFoundation.framework/Versions/A/CoreFoundation
0x00007fff2f38a000 	/System/Library/Frameworks/Foundation.framework/Versions/C/Foundation
0x00007fff29ecd000 	/System/Library/Frameworks/AppKit.framework/Versions/C/AppKit
0x00007fff2c7d1000 	/System/Library/Frameworks/CoreData.framework/Versions/A/CoreData
0x00007fff5dac0000 	/System/Library/PrivateFrameworks/UIFoundation.framework/Versions/A/UIFoundation
0x00007fff5829c000 	/System/Library/PrivateFrameworks/RemoteViewServices.framework/Versions/A/RemoteViewServices
0x00007fff60553000 	/System/Library/PrivateFrameworks/XCTTargetBootstrap.framework/Versions/A/XCTTargetBootstrap
0x00007fff2cbb4000 	/System/Library/Frameworks/CoreDisplay.framework/Versions/A/CoreDisplay
0x00007fff32102000 	/System/Library/Frameworks/Metal.framework/Versions/A/Metal
0x00007fff466a2000 	/System/Library/PrivateFrameworks/DesktopServicesPriv.framework/Versions/A/DesktopServicesPriv
0x00007fff6234e000 	/usr/lib/liblangid.dylib
0x00007fff457ee000 	/System/Library/PrivateFrameworks/CoreSVG.framework/Versions/A/CoreSVG
0x00007fff5b063000 	/System/Library/PrivateFrameworks/SkyLight.framework/Versions/A/SkyLight
0x00007fff2d147000 	/System/Library/Frameworks/CoreGraphics.framework/Versions/A/CoreGraphics
0x00007fff28a6c000 	/System/Library/Frameworks/Accelerate.framework/Versions/A/Accelerate
0x00007fff6363a000 	/usr/lib/libxml2.2.dylib
0x00007fff513c6000 	/System/Library/PrivateFrameworks/IconServices.framework/Versions/A/IconServices
0x00007fff2fb6f000 	/System/Library/Frameworks/IOSurface.framework/Versions/A/IOSurface
0x00007fff60d50000 	/usr/lib/libDiagnosticMessagesClient.dylib
0x00007fff4651b000 	/System/Library/PrivateFrameworks/DFRFoundation.framework/Versions/A/DFRFoundation
0x00007fff620dc000 	/usr/lib/libicucore.A.dylib
0x00007fff2b00a000 	/System/Library/Frameworks/AudioToolbox.framework/Versions/A/AudioToolbox
0x00007fff2b0ec000 	/System/Library/Frameworks/AudioUnit.framework/Versions/A/AudioUnit
0x00007fff61419000 	/usr/lib/libauto.dylib
0x00007fff4659c000 	/System/Library/PrivateFrameworks/DataDetectorsCore.framework/Versions/A/DataDetectorsCore
0x00007fff2b86e000 	/System/Library/Frameworks/Carbon.framework/Versions/A/Frameworks/HIToolbox.framework/Versions/A/HIToolbox
0x00007fff3854d000 	/System/Library/Frameworks/QuartzCore.framework/Versions/A/QuartzCore
0x00007fff2bbad000 	/System/Library/Frameworks/Carbon.framework/Versions/A/Frameworks/SpeechRecognition.framework/Versions/A/SpeechRecognition
0x00007fff45ea1000 	/System/Library/PrivateFrameworks/CoreUI.framework/Versions/A/CoreUI
0x00007fff2c237000 	/System/Library/Frameworks/CoreAudio.framework/Versions/A/CoreAudio
0x00007fff2f052000 	/System/Library/Frameworks/DiskArbitration.framework/Versions/A/DiskArbitration
0x00007fff533db000 	/System/Library/PrivateFrameworks/MultitouchSupport.framework/Versions/A/MultitouchSupport
0x00007fff61fa2000 	/usr/lib/libenergytrace.dylib
0x00007fff2faca000 	/System/Library/Frameworks/IOKit.framework/Versions/A/IOKit
0x00007fff2e0b5000 	/System/Library/Frameworks/CoreServices.framework/Versions/A/CoreServices
0x00007fff554e8000 	/System/Library/PrivateFrameworks/PerformanceAnalysis.framework/Versions/A/PerformanceAnalysis
0x00007fff37583000 	/System/Library/Frameworks/OpenGL.framework/Versions/A/OpenGL
0x00007fff2bd5c000 	/System/Library/Frameworks/ColorSync.framework/Versions/A/ColorSync
0x00007fff2d7ce000 	/System/Library/Frameworks/CoreImage.framework/Versions/A/CoreImage
0x00007fff2eb2b000 	/System/Library/Frameworks/CoreText.framework/Versions/A/CoreText
0x00007fff2fbf5000 	/System/Library/Frameworks/ImageIO.framework/Versions/A/ImageIO
0x00007fff6157a000 	/usr/lib/libcompression.dylib
0x00007fff61092000 	/usr/lib/libMobileGestalt.dylib
0x00007fff5cba2000 	/System/Library/PrivateFrameworks/TextureIO.framework/Versions/A/TextureIO
0x00007fff6137f000 	/usr/lib/libate.dylib
0x00007fff515cf000 	/System/Library/PrivateFrameworks/InternationalSupport.framework/Versions/A/InternationalSupport
0x00007fff62350000 	/usr/lib/liblzma.5.dylib
0x00007fff61fca000 	/usr/lib/libfakelink.dylib
0x00007fff6130c000 	/usr/lib/libarchive.2.dylib
0x00007fff3a4be000 	/System/Library/Frameworks/SystemConfiguration.framework/Versions/A/SystemConfiguration
0x00007fff60c81000 	/usr/lib/libCRFSuite.dylib
0x00007fff2b462000 	/System/Library/Frameworks/CFNetwork.framework/Versions/A/CFNetwork
0x00007fff614e0000 	/usr/lib/libbsm.0.dylib
0x00007fff6440a000 	/usr/lib/system/libkxld.dylib
0x00007fff3ffd2000 	/System/Library/PrivateFrameworks/AppleFSCompression.framework/Versions/A/AppleFSCompression
0x00007fff61861000 	/usr/lib/libcoretls.dylib
0x00007fff61878000 	/usr/lib/libcoretls_cfhelpers.dylib
0x00007fff630b1000 	/usr/lib/libpam.2.dylib
0x00007fff631e4000 	/usr/lib/libsqlite3.dylib
0x00007fff63627000 	/usr/lib/libxar.1.dylib
0x00007fff614f1000 	/usr/lib/libbz2.1.0.dylib
0x00007fff61feb000 	/usr/lib/libiconv.2.dylib
0x00007fff61567000 	/usr/lib/libcharset.1.dylib
0x00007fff62b58000 	/usr/lib/libnetwork.dylib
0x00007fff630b8000 	/usr/lib/libpcap.A.dylib
0x00007fff612c1000 	/usr/lib/libapple_nghttp2.dylib
0x00007fff2e46c000 	/System/Library/Frameworks/CoreServices.framework/Versions/A/Frameworks/FSEvents.framework/Versions/A/FSEvents
0x00007fff2e13c000 	/System/Library/Frameworks/CoreServices.framework/Versions/A/Frameworks/CarbonCore.framework/Versions/A/CarbonCore
0x00007fff2e6af000 	/System/Library/Frameworks/CoreServices.framework/Versions/A/Frameworks/Metadata.framework/Versions/A/Metadata
0x00007fff2e748000 	/System/Library/Frameworks/CoreServices.framework/Versions/A/Frameworks/OSServices.framework/Versions/A/OSServices
0x00007fff2e776000 	/System/Library/Frameworks/CoreServices.framework/Versions/A/Frameworks/SearchKit.framework/Versions/A/SearchKit
0x00007fff2e0b6000 	/System/Library/Frameworks/CoreServices.framework/Versions/A/Frameworks/AE.framework/Versions/A/AE
0x00007fff2e475000 	/System/Library/Frameworks/CoreServices.framework/Versions/A/Frameworks/LaunchServices.framework/Versions/A/LaunchServices
0x00007fff2e41e000 	/System/Library/Frameworks/CoreServices.framework/Versions/A/Frameworks/DictionaryServices.framework/Versions/A/DictionaryServices
0x00007fff2e7de000 	/System/Library/Frameworks/CoreServices.framework/Versions/A/Frameworks/SharedFileList.framework/Versions/A/SharedFileList
0x00007fff333d7000 	/System/Library/Frameworks/NetFS.framework/Versions/A/NetFS
0x00007fff5390b000 	/System/Library/PrivateFrameworks/NetAuth.framework/Versions/A/NetAuth
0x00007fff6091e000 	/System/Library/PrivateFrameworks/login.framework/Versions/A/Frameworks/loginsupport.framework/Versions/A/loginsupport
0x00007fff5c69d000 	/System/Library/PrivateFrameworks/TCC.framework/Versions/A/TCC
0x00007fff44bbd000 	/System/Library/PrivateFrameworks/CoreNLP.framework/Versions/A/CoreNLP
0x00007fff52e0b000 	/System/Library/PrivateFrameworks/MetadataUtilities.framework/Versions/A/MetadataUtilities
0x00007fff62428000 	/usr/lib/libmecabra.dylib
0x00007fff62380000 	/usr/lib/libmecab.dylib
0x00007fff61fdb000 	/usr/lib/libgermantok.dylib
0x00007fff612a8000 	/usr/lib/libThaiTokenizer.dylib
0x00007fff60cb9000 	/usr/lib/libChineseTokenizer.dylib
0x00007fff28a84000 	/System/Library/Frameworks/Accelerate.framework/Versions/A/Frameworks/vImage.framework/Versions/A/vImage
0x00007fff29d27000 	/System/Library/Frameworks/Accelerate.framework/Versions/A/Frameworks/vecLib.framework/Versions/A/vecLib
0x00007fff29c6b000 	/System/Library/Frameworks/Accelerate.framework/Versions/A/Frameworks/vecLib.framework/Versions/A/libvMisc.dylib
0x00007fff29a91000 	/System/Library/Frameworks/Accelerate.framework/Versions/A/Frameworks/vecLib.framework/Versions/A/libvDSP.dylib
0x00007fff290f0000 	/System/Library/Frameworks/Accelerate.framework/Versions/A/Frameworks/vecLib.framework/Versions/A/libBLAS.dylib
0x00007fff2964b000 	/System/Library/Frameworks/Accelerate.framework/Versions/A/Frameworks/vecLib.framework/Versions/A/libLAPACK.dylib
0x00007fff299f1000 	/System/Library/Frameworks/Accelerate.framework/Versions/A/Frameworks/vecLib.framework/Versions/A/libLinearAlgebra.dylib
0x00007fff29a7e000 	/System/Library/Frameworks/Accelerate.framework/Versions/A/Frameworks/vecLib.framework/Versions/A/libSparseBLAS.dylib
0x00007fff29a07000 	/System/Library/Frameworks/Accelerate.framework/Versions/A/Frameworks/vecLib.framework/Versions/A/libQuadrature.dylib
0x00007fff2935a000 	/System/Library/Frameworks/Accelerate.framework/Versions/A/Frameworks/vecLib.framework/Versions/A/libBNNS.dylib
0x00007fff29a0d000 	/System/Library/Frameworks/Accelerate.framework/Versions/A/Frameworks/vecLib.framework/Versions/A/libSparse.dylib
0x00007fff5198e000 	/System/Library/PrivateFrameworks/LanguageModeling.framework/Versions/A/LanguageModeling
0x00007fff44559000 	/System/Library/PrivateFrameworks/CoreEmoji.framework/Versions/A/CoreEmoji
0x00007fff51aac000 	/System/Library/PrivateFrameworks/LinguisticData.framework/Versions/A/LinguisticData
0x00007fff51a5d000 	/System/Library/PrivateFrameworks/Lexicon.framework/Versions/A/Lexicon
0x00007fff61568000 	/usr/lib/libcmph.dylib
0x00007fff35fa9000 	/System/Library/Frameworks/OpenDirectory.framework/Versions/A/Frameworks/CFOpenDirectory.framework/Versions/A/CFOpenDirectory
0x00007fff35fc6000 	/System/Library/Frameworks/OpenDirectory.framework/Versions/A/OpenDirectory
0x00007fff3e293000 	/System/Library/PrivateFrameworks/APFS.framework/Versions/A/APFS
0x00007fff3966f000 	/System/Library/Frameworks/SecurityFoundation.framework/Versions/A/SecurityFoundation
0x00007fff63623000 	/usr/lib/libutil.dylib
0x00007fff45846000 	/System/Library/PrivateFrameworks/CoreServicesStore.framework/Versions/A/CoreServicesStore
0x00007fff39727000 	/System/Library/Frameworks/ServiceManagement.framework/Versions/A/ServiceManagement
0x00007fff41789000 	/System/Library/PrivateFrameworks/BackgroundTaskManagement.framework/Versions/A/BackgroundTaskManagement
0x00007fff63720000 	/usr/lib/libxslt.1.dylib
0x00007fff40637000 	/System/Library/PrivateFrameworks/AppleSystemInfo.framework/Versions/A/AppleSystemInfo
0x00007fff2fe12000 	/System/Library/Frameworks/ImageIO.framework/Versions/A/Resources/libJPEG.dylib
0x00007fff300d1000 	/System/Library/Frameworks/ImageIO.framework/Versions/A/Resources/libTIFF.dylib
0x00007fff300b4000 	/System/Library/Frameworks/ImageIO.framework/Versions/A/Resources/libPng.dylib
0x00007fff2fd53000 	/System/Library/Frameworks/ImageIO.framework/Versions/A/Resources/libGIF.dylib
0x00007fff2fd57000 	/System/Library/Frameworks/ImageIO.framework/Versions/A/Resources/libJP2.dylib
0x00007fff300cf000 	/System/Library/Frameworks/ImageIO.framework/Versions/A/Resources/libRadiance.dylib
0x00007fff61fa3000 	/usr/lib/libexpat.1.dylib
0x00007fff4012d000 	/System/Library/PrivateFrameworks/AppleJPEG.framework/Versions/A/AppleJPEG
0x00007fff48ac0000 	/System/Library/PrivateFrameworks/FontServices.framework/libFontParser.dylib
0x00007fff5f975000 	/System/Library/PrivateFrameworks/WatchdogClient.framework/Versions/A/WatchdogClient
0x00007fff5101b000 	/System/Library/PrivateFrameworks/IOAccelerator.framework/Versions/A/IOAccelerator
0x00007fff32490000 	/System/Library/Frameworks/MetalPerformanceShaders.framework/Versions/A/MetalPerformanceShaders
0x00007fff4d80e000 	/System/Library/PrivateFrameworks/GPUWrangler.framework/Versions/A/GPUWrangler
0x00007fff51026000 	/System/Library/PrivateFrameworks/IOPresentment.framework/Versions/A/IOPresentment
0x00007fff4652e000 	/System/Library/PrivateFrameworks/DSExternalDisplay.framework/Versions/A/DSExternalDisplay
0x00007fff3692f000 	/System/Library/Frameworks/OpenGL.framework/Versions/A/Libraries/libCoreFSCache.dylib
0x00007fff321e2000 	/System/Library/Frameworks/MetalPerformanceShaders.framework/Frameworks/MPSCore.framework/Versions/A/MPSCore
0x00007fff3221f000 	/System/Library/Frameworks/MetalPerformanceShaders.framework/Frameworks/MPSImage.framework/Versions/A/MPSImage
0x00007fff322e1000 	/System/Library/Frameworks/MetalPerformanceShaders.framework/Frameworks/MPSNeuralNetwork.framework/Versions/A/MPSNeuralNetwork
0x00007fff322a6000 	/System/Library/Frameworks/MetalPerformanceShaders.framework/Frameworks/MPSMatrix.framework/Versions/A/MPSMatrix
0x00007fff32441000 	/System/Library/Frameworks/MetalPerformanceShaders.framework/Frameworks/MPSRayIntersector.framework/Versions/A/MPSRayIntersector
0x00007fff322cb000 	/System/Library/Frameworks/MetalPerformanceShaders.framework/Frameworks/MPSNDArray.framework/Versions/A/MPSNDArray
0x00007fff52e58000 	/System/Library/PrivateFrameworks/MetalTools.framework/Versions/A/MetalTools
0x00007fff3f458000 	/System/Library/PrivateFrameworks/AggregateDictionary.framework/Versions/A/AggregateDictionary
0x00007fff43fe3000 	/System/Library/PrivateFrameworks/CoreAnalytics.framework/Versions/A/CoreAnalytics
0x00007fff40555000 	/System/Library/PrivateFrameworks/AppleSauce.framework/Versions/A/AppleSauce
0x00007fff60f75000 	/usr/lib/libIOReport.dylib
0x00007fff2ece0000 	/System/Library/Frameworks/CoreVideo.framework/Versions/A/CoreVideo
0x00007fff4ec7c000 	/System/Library/PrivateFrameworks/GraphVisualizer.framework/Versions/A/GraphVisualizer
0x00007fff48041000 	/System/Library/PrivateFrameworks/FaceCore.framework/Versions/A/FaceCore
0x00007fff35f50000 	/System/Library/Frameworks/OpenCL.framework/Versions/A/OpenCL
0x00007fff60d97000 	/usr/lib/libFosl_dynamic.dylib
0x00007fff54306000 	/System/Library/PrivateFrameworks/OTSVG.framework/Versions/A/OTSVG
0x00007fff2addd000 	/System/Library/Frameworks/ApplicationServices.framework/Versions/A/Frameworks/ATS.framework/Versions/A/Resources/libFontRegistry.dylib
0x00007fff48c91000 	/System/Library/PrivateFrameworks/FontServices.framework/libhvf.dylib
0x00007fff3693a000 	/System/Library/Frameworks/OpenGL.framework/Versions/A/Libraries/libGFXShared.dylib
0x00007fff36b17000 	/System/Library/Frameworks/OpenGL.framework/Versions/A/Libraries/libGLU.dylib
0x00007fff36943000 	/System/Library/Frameworks/OpenGL.framework/Versions/A/Libraries/libGL.dylib
0x00007fff3694e000 	/System/Library/Frameworks/OpenGL.framework/Versions/A/Libraries/libGLImage.dylib
0x00007fff3692c000 	/System/Library/Frameworks/OpenGL.framework/Versions/A/Libraries/libCVMSPluginSupport.dylib
0x00007fff36935000 	/System/Library/Frameworks/OpenGL.framework/Versions/A/Libraries/libCoreVMClient.dylib
0x00007fff629fa000 	/usr/lib/libncurses.5.4.dylib
0x00007fff2acd9000 	/System/Library/Frameworks/ApplicationServices.framework/Versions/A/Frameworks/ATS.framework/Versions/A/ATS
0x00007fff2aea6000 	/System/Library/Frameworks/ApplicationServices.framework/Versions/A/Frameworks/ColorSyncLegacy.framework/Versions/A/ColorSyncLegacy
0x00007fff2af45000 	/System/Library/Frameworks/ApplicationServices.framework/Versions/A/Frameworks/HIServices.framework/Versions/A/HIServices
0x00007fff2af9c000 	/System/Library/Frameworks/ApplicationServices.framework/Versions/A/Frameworks/LangAnalysis.framework/Versions/A/LangAnalysis
0x00007fff2afab000 	/System/Library/Frameworks/ApplicationServices.framework/Versions/A/Frameworks/PrintCore.framework/Versions/A/PrintCore
0x00007fff2aff1000 	/System/Library/Frameworks/ApplicationServices.framework/Versions/A/Frameworks/QD.framework/Versions/A/QD
0x00007fff2affc000 	/System/Library/Frameworks/ApplicationServices.framework/Versions/A/Frameworks/SpeechSynthesis.framework/Versions/A/SpeechSynthesis
0x00007fff2ae76000 	/System/Library/Frameworks/ApplicationServices.framework/Versions/A/Frameworks/ATSUI.framework/Versions/A/ATSUI
0x00007fff61e37000 	/usr/lib/libcups.2.dylib
0x00007fff3153f000 	/System/Library/Frameworks/Kerberos.framework/Versions/A/Kerberos
0x00007fff2f7bf000 	/System/Library/Frameworks/GSS.framework/Versions/A/GSS
0x00007fff63170000 	/usr/lib/libresolv.9.dylib
0x00007fff4ee1d000 	/System/Library/PrivateFrameworks/Heimdal.framework/Versions/A/Heimdal
0x00007fff31552000 	/System/Library/Frameworks/Kerberos.framework/Versions/A/Libraries/libHeimdalProxy.dylib
0x00007fff61fe1000 	/usr/lib/libheimdal-asn1.dylib
0x00007fff43489000 	/System/Library/PrivateFrameworks/CommonAuth.framework/Versions/A/CommonAuth
0x00007fff406d4000 	/System/Library/PrivateFrameworks/AssertionServices.framework/Versions/A/AssertionServices
0x00007fff41277000 	/System/Library/PrivateFrameworks/AudioToolboxCore.framework/Versions/A/AudioToolboxCore
0x00007fff605cf000 	/System/Library/PrivateFrameworks/caulk.framework/Versions/A/caulk
0x00007fff41835000 	/System/Library/PrivateFrameworks/BaseBoard.framework/Versions/A/BaseBoard
0x00007fff5842b000 	/System/Library/PrivateFrameworks/RunningBoardServices.framework/Versions/A/RunningBoardServices
0x00007fff554f4000 	/System/Library/PrivateFrameworks/PersistentConnection.framework/Versions/A/PersistentConnection
0x00007fff57e7a000 	/System/Library/PrivateFrameworks/ProtocolBuffer.framework/Versions/A/ProtocolBuffer
0x00007fff434ae000 	/System/Library/PrivateFrameworks/CommonUtilities.framework/Versions/A/CommonUtilities
0x00007fff419b8000 	/System/Library/PrivateFrameworks/Bom.framework/Versions/A/Bom
0x00007fff60c44000 	/usr/lib/libAudioToolboxUtility.dylib
0x00007fff41793000 	/System/Library/PrivateFrameworks/Backup.framework/Versions/A/Backup
0x00007fff4629e000 	/System/Library/PrivateFrameworks/CrashReporterSupport.framework/Versions/A/CrashReporterSupport
0x00007fff59f27000 	/System/Library/PrivateFrameworks/Sharing.framework/Versions/A/Sharing
0x00007fff3fe78000 	/System/Library/PrivateFrameworks/Apple80211.framework/Versions/A/Apple80211
0x00007fff414b5000 	/System/Library/PrivateFrameworks/AuthKit.framework/Versions/A/AuthKit
0x00007fff45fce000 	/System/Library/PrivateFrameworks/CoreUtils.framework/Versions/A/CoreUtils
0x00007fff2ed25000 	/System/Library/Frameworks/CoreWLAN.framework/Versions/A/CoreWLAN
0x00007fff2f94b000 	/System/Library/Frameworks/IOBluetooth.framework/Versions/A/IOBluetooth
0x00007fff53156000 	/System/Library/PrivateFrameworks/MobileKeyBag.framework/Versions/A/MobileKeyBag
0x00007fff45099000 	/System/Library/PrivateFrameworks/CorePhoneNumbers.framework/Versions/A/CorePhoneNumbers
0x00007fff400e0000 	/System/Library/PrivateFrameworks/AppleIDAuthSupport.framework/Versions/A/AppleIDAuthSupport
0x00007fff333e4000 	/System/Library/Frameworks/Network.framework/Versions/A/Network
0x00007fff51816000 	/System/Library/PrivateFrameworks/KeychainCircle.framework/Versions/A/KeychainCircle
0x00007fff2c799000 	/System/Library/Frameworks/CoreBluetooth.framework/Versions/A/CoreBluetooth
0x00007fff5bba3000 	/System/Library/PrivateFrameworks/SpeechRecognitionCore.framework/Versions/A/SpeechRecognitionCore
0x00007fff212d8000 	/System/Library/CoreServices/Encodings/libJapaneseConverter.dylib
0x0000000107e00000 	/Library/Java/JavaVirtualMachines/jdk-12.0.1.jdk/Contents/Home/lib/server/libjvm.dylib
0x0000000106c70000 	/Library/Java/JavaVirtualMachines/jdk-12.0.1.jdk/Contents/Home/lib/libverify.dylib
0x0000000106c7c000 	/Library/Java/JavaVirtualMachines/jdk-12.0.1.jdk/Contents/Home/lib/libjava.dylib
0x0000000106cb9000 	/Library/Java/JavaVirtualMachines/jdk-12.0.1.jdk/Contents/Home/lib/libjdwp.dylib
0x0000000106d37000 	/Library/Java/JavaVirtualMachines/jdk-12.0.1.jdk/Contents/Home/lib/libzip.dylib
0x0000000106d3f000 	/Library/Java/JavaVirtualMachines/jdk-12.0.1.jdk/Contents/Home/lib/libjimage.dylib
0x0000000112590000 	/Library/Java/JavaVirtualMachines/jdk-12.0.1.jdk/Contents/Home/lib/libdt_socket.dylib
0x00000001125a0000 	/Library/Java/JavaVirtualMachines/jdk-12.0.1.jdk/Contents/Home/lib/libnio.dylib
0x000000012efbf000 	/Library/Java/JavaVirtualMachines/jdk-12.0.1.jdk/Contents/Home/lib/libnet.dylib
0x0000000112596000 	/Library/Java/JavaVirtualMachines/jdk-12.0.1.jdk/Contents/Home/lib/libextnet.dylib
0x000000012f558000 	/Users/yamate/.javacpp/cache/openblas-0.3.7-1.5.2-macosx-x86_64.jar/org/bytedeco/openblas/macosx-x86_64/libopenblas_nolapack.dylib
0x000000012f23f000 	/Users/yamate/.javacpp/cache/openblas-0.3.7-1.5.2-macosx-x86_64.jar/org/bytedeco/openblas/macosx-x86_64/libjniopenblas_nolapack.dylib
0x00007fff3153a000 	/System/Library/Frameworks/JavaVM.framework/Versions/A/JavaVM
0x00007fff51679000 	/System/Library/PrivateFrameworks/JavaLaunching.framework/Versions/A/JavaLaunching
0x0000000139751000 	/Users/yamate/.javacpp/cache/openblas-0.3.7-1.5.2-macosx-x86_64.jar/org/bytedeco/openblas/macosx-x86_64/libopenblas.dylib
0x000000014374a000 	/Users/yamate/.javacpp/cache/openblas-0.3.7-1.5.2-macosx-x86_64.jar/org/bytedeco/openblas/macosx-x86_64/libjniopenblas.dylib
0x0000000144791000 	/Users/yamate/.javacpp/cache/opencv-4.1.2-1.5.2-macosx-x86_64.jar/org/bytedeco/opencv/macosx-x86_64/libopencv_core.4.1.dylib
0x0000000144b86000 	/Users/yamate/.javacpp/cache/opencv-4.1.2-1.5.2-macosx-x86_64.jar/org/bytedeco/opencv/macosx-x86_64/libopencv_imgproc.4.1.dylib
0x00000001450b9000 	/Users/yamate/.javacpp/cache/opencv-4.1.2-1.5.2-macosx-x86_64.jar/org/bytedeco/opencv/macosx-x86_64/libjniopencv_core.dylib
0x0000000145428000 	/Users/yamate/.javacpp/cache/nd4j-native-1.0.0-beta6-macosx-x86_64.jar/org/nd4j/nativeblas/macosx-x86_64/libnd4jcpu.dylib
0x000000014da09000 	/Users/yamate/.javacpp/cache/nd4j-native-1.0.0-beta6-macosx-x86_64.jar/org/nd4j/nativeblas/macosx-x86_64/libjnind4jcpu.dylib
0x000000012f063000 	/Library/Java/JavaVirtualMachines/jdk-12.0.1.jdk/Contents/Home/lib/libmanagement.dylib
0x000000012f081000 	/Library/Java/JavaVirtualMachines/jdk-12.0.1.jdk/Contents/Home/lib/libmanagement_ext.dylib
0x0000000112564000 	/private/var/folders/44/rh3_5z7n0_sfy76npsrx12zm0000gp/T/liblz4-java5205369628738343427.dylib
0x000000014e9e8000 	/Users/yamate/.javacpp/cache/opencv-4.1.2-1.5.2-macosx-x86_64.jar/org/bytedeco/opencv/macosx-x86_64/libjniopencv_imgproc.dylib
0x000000014f59e000 	/Users/yamate/.javacpp/cache/opencv-4.1.2-1.5.2-macosx-x86_64.jar/org/bytedeco/opencv/macosx-x86_64/libopencv_imgcodecs.4.1.dylib
0x000000012f0d6000 	/Users/yamate/.javacpp/cache/opencv-4.1.2-1.5.2-macosx-x86_64.jar/org/bytedeco/opencv/macosx-x86_64/libjniopencv_imgcodecs.dylib


VM Arguments:
jvm_args: -Xdebug -Xnoagent -Djava.compiler=NONE -Xrunjdwp:transport=dt_socket,address=localhost:54341,server=n,suspend=y -ea -Dfile.encoding=UTF-8 
java_command: org.eclipse.jdt.internal.junit.runner.RemoteTestRunner -version 3 -port 54336 -testLoaderClass org.eclipse.jdt.internal.junit4.runner.JUnit4TestLoader -loaderpluginname org.eclipse.jdt.junit4.runtime -test majong.ml.NeuralNetworkGeneratorTest:testForExecAnimal
java_class_path (initial): /Users/yamate/Documents/majong/bin/main:/Users/yamate/Documents/majong/bin/test:/majong/bin/default:/Users/yamate/.gradle/caches/modules-2/files-2.1/org.deeplearning4j/deeplearning4j-ui/1.0.0-beta6/d204a34f9891c1eb00a8d2f94d1f87c68d9e5654/deeplearning4j-ui-1.0.0-beta6.jar:/Users/yamate/.gradle/caches/modules-2/files-2.1/org.deeplearning4j/deeplearning4j-vertx/1.0.0-beta6/6aa7ef55be3d896c5a4e4cc3415151e83358b9f3/deeplearning4j-vertx-1.0.0-beta6.jar:/Users/yamate/.gradle/caches/modules-2/files-2.1/org.deeplearning4j/deeplearning4j-nlp/1.0.0-beta6/48a9f5c7397e9473b05af9aecde7d5ee38c434c3/deeplearning4j-nlp-1.0.0-beta6.jar:/Users/yamate/.gradle/caches/modules-2/files-2.1/org.deeplearning4j/deeplearning4j-ui-model/1.0.0-beta6/1d351b5da0392d4b8dc31d8b338b602235c195d4/deeplearning4j-ui-model-1.0.0-beta6.jar:/Users/yamate/.gradle/caches/modules-2/files-2.1/org.deeplearning4j/deeplearning4j-core/1.0.0-beta6/facf227d7b332086d28a94644f20da6d6228da3e/deeplearning4j-core-1.0.0-beta6.jar:/Users/yamate/.gradle/caches/modules-2/files-2.1/org.nd4j/nd4j-native-platform/1.0.0-beta6/f66974b10d8402c83df108a6e6e2f6da39014635/nd4j-native-platform-1.0.0-beta6.jar:/Users/yamate/.gradle/caches/modules-2/files-2.1/org.mapdb/mapdb/3.0.5/931505a557a58ef9e3635a195f5bb1834a52fa32/mapdb-3.0.5.jar:/Users/yamate/.gradle/caches/modules-2/files-2.1/com.google.guava/guava/27.0.1-jre/bd41a290787b5301e63929676d792c507bbc00ae/guava-27.0.1-jre.jar:/Users/yamate/.gradle/caches/modules-2/files-2.1/com.fasterxml.jackson.dataformat/jackson-dataformat-yaml/2.5.1/94c0a248d09e0454733dd5d77984c73e73a3f7e5/jackson-dataformat-yaml-2.5.1.jar:/Users/yamate/.gradle/caches/modules-2/files-2.1/org.slf4j/slf4j-simple/1.7.25/8dacf9514f0c707cbbcdd6fd699e8940d42fb54e/slf4j-simple-1.7.25.jar:/Users/yamate/.gradle/caches/modules-2/files-2.1/org.deeplearning4j/deeplearning4j-modelimport/1.0.0-beta6/74071b7f92d61967b26772ad201f106d0a2de794/deeplearning4j-modelimport-1.0.0-beta6.jar:/Users/yamate/.gra
Launcher Type: SUN_STANDARD

[Global flags]
     intx CICompilerCount                          = 4                                         {product} {ergonomic}
     uint ConcGCThreads                            = 2                                         {product} {ergonomic}
     uint G1ConcRefinementThreads                  = 8                                         {product} {ergonomic}
   size_t G1HeapRegionSize                         = 1048576                                   {product} {ergonomic}
    uintx GCDrainStackTargetSize                   = 64                                        {product} {ergonomic}
   size_t InitialHeapSize                          = 268435456                                 {product} {ergonomic}
   size_t MarkStackSize                            = 4194304                                   {product} {ergonomic}
   size_t MaxHeapSize                              = 4294967296                                {product} {ergonomic}
   size_t MaxNewSize                               = 2576351232                                {product} {ergonomic}
   size_t MinHeapDeltaBytes                        = 1048576                                   {product} {ergonomic}
    uintx NonNMethodCodeHeapSize                   = 5836300                                {pd product} {ergonomic}
    uintx NonProfiledCodeHeapSize                  = 122910970                              {pd product} {ergonomic}
    uintx ProfiledCodeHeapSize                     = 122910970                              {pd product} {ergonomic}
    uintx ReservedCodeCacheSize                    = 251658240                              {pd product} {ergonomic}
     bool SegmentedCodeCache                       = true                                      {product} {ergonomic}
     bool UseCompressedClassPointers               = true                                 {lp64_product} {ergonomic}
     bool UseCompressedOops                        = true                                 {lp64_product} {ergonomic}
     bool UseG1GC                                  = true                                      {product} {ergonomic}

Logging:
Log output configuration:
 #0: stdout all=warning uptime,level,tags
 #1: stderr all=off uptime,level,tags

Environment Variables:
JAVA_HOME=/Library/Java/JavaVirtualMachines/jdk-12.0.1.jdk/Contents/Home
PATH=/usr/bin/mysql/bin:/Users/yamate/.pyenv/shims:/Users/yamate/.pyenv/bin:/Library/Java/JavaVirtualMachines/jdk-12.0.1.jdk/Contents/Home:/usr/local/bin:/usr/bin:/bin:/usr/sbin:/sbin:/Library/TeX/texbin:/opt/X11/bin:/Users/yamate/gcc-arm-none-eabi-8-2018-q4-major/bin:/Users/yamate/Documents/defects4j/framework/bin:/Users/yamate/gcc-arm-none-eabi-8-2018-q4-major/bin
SHELL=/bin/bash
DISPLAY=/private/tmp/com.apple.launchd.WqF2bnOe5B/org.macosforge.xquartz:0

Signal Handlers:
SIGSEGV: [libjvm.dylib+0x736202], sa_mask[0]=11111111011111110111111111111111, sa_flags=SA_ONSTACK|SA_RESTART|SA_SIGINFO
SIGBUS: [libjvm.dylib+0x736202], sa_mask[0]=11111111011111110111111111111111, sa_flags=SA_RESTART|SA_SIGINFO
SIGFPE: [libjvm.dylib+0x736202], sa_mask[0]=11111111011111110111111111111111, sa_flags=SA_RESTART|SA_SIGINFO
SIGPIPE: [libjvm.dylib+0x5ddc76], sa_mask[0]=11111111011111110111111111111111, sa_flags=SA_RESTART|SA_SIGINFO
SIGXFSZ: [libjvm.dylib+0x5ddc76], sa_mask[0]=11111111011111110111111111111111, sa_flags=SA_RESTART|SA_SIGINFO
SIGILL: [libjvm.dylib+0x736202], sa_mask[0]=11111111011111110111111111111111, sa_flags=SA_RESTART|SA_SIGINFO
SIGUSR2: [libjvm.dylib+0x5de25b], sa_mask[0]=00100000000000000000000000000000, sa_flags=SA_RESTART|SA_SIGINFO
SIGHUP: [libjvm.dylib+0x5dcf1b], sa_mask[0]=11111111011111110111111111111111, sa_flags=SA_RESTART|SA_SIGINFO
SIGINT: [libjvm.dylib+0x5dcf1b], sa_mask[0]=11111111011111110111111111111111, sa_flags=SA_RESTART|SA_SIGINFO
SIGTERM: [libjvm.dylib+0x5dcf1b], sa_mask[0]=11111111011111110111111111111111, sa_flags=SA_RESTART|SA_SIGINFO
SIGQUIT: [libjvm.dylib+0x5dcf1b], sa_mask[0]=11111111011111110111111111111111, sa_flags=SA_RESTART|SA_SIGINFO


---------------  S Y S T E M  ---------------

OS:uname:Darwin 19.3.0 Darwin Kernel Version 19.3.0: Thu Jan  9 20:58:23 PST 2020; root:xnu-6153.81.5~1/RELEASE_X86_64 x86_64
rlimit: STACK 8192k, CORE 0k, NPROC 2784, NOFILE 10240, AS infinity, DATA infinity, FSIZE infinity
load average:3.91 3.28 3.07

CPU:total 8 (initial active 8) (4 cores per cpu, 2 threads per core) family 6 model 142 stepping 10, cmov, cx8, fxsr, mmx, sse, sse2, sse3, ssse3, sse4.1, sse4.2, popcnt, avx, avx2, aes, clmul, erms, 3dnowpref, lzcnt, ht, tsc, tscinvbit, bmi1, bmi2, adx, fma

Memory: 4k page, physical 16777216k(1034128k free)

vm_info: Java HotSpot(TM) 64-Bit Server VM (12.0.1+12) for bsd-amd64 JRE (12.0.1+12), built on Apr  2 2019 08:17:12 by "mach5one" with gcc 4.2.1 Compatible Apple LLVM 9.1.0 (clang-902.0.39.2)

END.
